{"/home/travis/build/npmtest/node-npmtest-react-tween-state/test.js":{"path":"/home/travis/build/npmtest/node-npmtest-react-tween-state/test.js","s":{"1":2,"2":2,"3":2,"4":2,"5":2,"6":2,"7":2,"8":1,"9":2,"10":2,"11":1,"12":1,"13":1,"14":1,"15":2,"16":2,"17":2,"18":2,"19":1,"20":1,"21":2,"22":2,"23":2,"24":1,"25":1,"26":1,"27":1,"28":1,"29":1,"30":1,"31":1,"32":1,"33":1,"34":1,"35":1,"36":1,"37":1,"38":1,"39":2,"40":2,"41":1,"42":2,"43":2,"44":1,"45":2,"46":2,"47":1,"48":2,"49":2,"50":1,"51":1,"52":1,"53":1,"54":1},"b":{"1":[2,1,1,1],"2":[1,1,1,1],"3":[1,1],"4":[1,1],"5":[1,1],"6":[1,1],"7":[1,1],"8":[1,1],"9":[1,1],"10":[1,1,1],"11":[1,1],"12":[1,1],"13":[1,1],"14":[1,1],"15":[1,1],"16":[1,1],"17":[1,1]},"f":{"1":2,"2":2,"3":2,"4":2,"5":2,"6":1,"7":1,"8":1,"9":2,"10":2,"11":2,"12":2,"13":1},"fnMap":{"1":{"name":"(anonymous_1)","line":12,"loc":{"start":{"line":12,"column":1},"end":{"line":12,"column":13}}},"2":{"name":"(anonymous_2)","line":19,"loc":{"start":{"line":19,"column":5},"end":{"line":19,"column":17}}},"3":{"name":"(anonymous_3)","line":23,"loc":{"start":{"line":23,"column":24},"end":{"line":23,"column":36}}},"4":{"name":"(anonymous_4)","line":61,"loc":{"start":{"line":61,"column":5},"end":{"line":61,"column":17}}},"5":{"name":"(anonymous_5)","line":82,"loc":{"start":{"line":82,"column":5},"end":{"line":82,"column":17}}},"6":{"name":"(anonymous_6)","line":91,"loc":{"start":{"line":91,"column":77},"end":{"line":94,"column":10}}},"7":{"name":"(anonymous_7)","line":112,"loc":{"start":{"line":112,"column":83},"end":{"line":115,"column":10}},"skip":true},"8":{"name":"(anonymous_8)","line":123,"loc":{"start":{"line":123,"column":77},"end":{"line":126,"column":10}},"skip":true},"9":{"name":"(anonymous_9)","line":139,"loc":{"start":{"line":139,"column":12},"end":{"line":139,"column":40}},"skip":true},"10":{"name":"(anonymous_10)","line":147,"loc":{"start":{"line":147,"column":77},"end":{"line":150,"column":10}},"skip":true},"11":{"name":"(anonymous_11)","line":158,"loc":{"start":{"line":158,"column":83},"end":{"line":161,"column":10}},"skip":true},"12":{"name":"(anonymous_12)","line":169,"loc":{"start":{"line":169,"column":79},"end":{"line":172,"column":10}},"skip":true},"13":{"name":"(anonymous_13)","line":180,"loc":{"start":{"line":180,"column":75},"end":{"line":183,"column":10}},"skip":true}},"statementMap":{"1":{"start":{"line":12,"column":0},"end":{"line":195,"column":5}},"2":{"start":{"line":14,"column":4},"end":{"line":14,"column":14}},"3":{"start":{"line":19,"column":4},"end":{"line":56,"column":9}},"4":{"start":{"line":21,"column":8},"end":{"line":21,"column":19}},"5":{"start":{"line":23,"column":8},"end":{"line":35,"column":13}},"6":{"start":{"line":24,"column":12},"end":{"line":34,"column":13}},"7":{"start":{"line":25,"column":16},"end":{"line":28,"column":30}},"8":{"start":{"line":30,"column":16},"end":{"line":33,"column":27}},"9":{"start":{"line":37,"column":8},"end":{"line":39,"column":21}},"10":{"start":{"line":40,"column":8},"end":{"line":53,"column":9}},"11":{"start":{"line":43,"column":12},"end":{"line":46,"column":14}},"12":{"start":{"line":47,"column":12},"end":{"line":47,"column":18}},"13":{"start":{"line":50,"column":12},"end":{"line":51,"column":46}},"14":{"start":{"line":52,"column":12},"end":{"line":52,"column":18}},"15":{"start":{"line":55,"column":8},"end":{"line":55,"column":35}},"16":{"start":{"line":61,"column":4},"end":{"line":63,"column":9}},"17":{"start":{"line":62,"column":8},"end":{"line":62,"column":15}},"18":{"start":{"line":64,"column":4},"end":{"line":77,"column":5}},"19":{"start":{"line":70,"column":8},"end":{"line":70,"column":14}},"20":{"start":{"line":76,"column":8},"end":{"line":76,"column":14}},"21":{"start":{"line":82,"column":4},"end":{"line":84,"column":9}},"22":{"start":{"line":83,"column":8},"end":{"line":83,"column":15}},"23":{"start":{"line":85,"column":4},"end":{"line":194,"column":5}},"24":{"start":{"line":91,"column":8},"end":{"line":99,"column":10}},"25":{"start":{"line":98,"column":12},"end":{"line":98,"column":35}},"26":{"start":{"line":102,"column":8},"end":{"line":104,"column":63}},"27":{"start":{"line":105,"column":8},"end":{"line":105,"column":14}},"28":{"start":{"line":112,"column":8},"end":{"line":121,"column":10},"skip":true},"29":{"start":{"line":119,"column":12},"end":{"line":119,"column":55},"skip":true},"30":{"start":{"line":120,"column":12},"end":{"line":120,"column":48},"skip":true},"31":{"start":{"line":123,"column":8},"end":{"line":136,"column":10},"skip":true},"32":{"start":{"line":130,"column":12},"end":{"line":130,"column":76},"skip":true},"33":{"start":{"line":131,"column":12},"end":{"line":131,"column":73},"skip":true},"34":{"start":{"line":132,"column":12},"end":{"line":132,"column":74},"skip":true},"35":{"start":{"line":133,"column":12},"end":{"line":133,"column":79},"skip":true},"36":{"start":{"line":134,"column":12},"end":{"line":134,"column":25},"skip":true},"37":{"start":{"line":135,"column":12},"end":{"line":135,"column":45},"skip":true},"38":{"start":{"line":138,"column":8},"end":{"line":145,"column":14},"skip":true},"39":{"start":{"line":143,"column":16},"end":{"line":143,"column":29},"skip":true},"40":{"start":{"line":144,"column":16},"end":{"line":144,"column":55},"skip":true},"41":{"start":{"line":147,"column":8},"end":{"line":156,"column":10},"skip":true},"42":{"start":{"line":154,"column":12},"end":{"line":154,"column":25},"skip":true},"43":{"start":{"line":155,"column":12},"end":{"line":155,"column":45},"skip":true},"44":{"start":{"line":158,"column":8},"end":{"line":167,"column":10},"skip":true},"45":{"start":{"line":165,"column":12},"end":{"line":165,"column":25},"skip":true},"46":{"start":{"line":166,"column":12},"end":{"line":166,"column":48},"skip":true},"47":{"start":{"line":169,"column":8},"end":{"line":178,"column":10},"skip":true},"48":{"start":{"line":176,"column":12},"end":{"line":176,"column":25},"skip":true},"49":{"start":{"line":177,"column":12},"end":{"line":177,"column":46},"skip":true},"50":{"start":{"line":180,"column":8},"end":{"line":189,"column":10},"skip":true},"51":{"start":{"line":187,"column":12},"end":{"line":187,"column":94},"skip":true},"52":{"start":{"line":188,"column":12},"end":{"line":188,"column":48},"skip":true},"53":{"start":{"line":192,"column":8},"end":{"line":192,"column":35},"skip":true},"54":{"start":{"line":193,"column":8},"end":{"line":193,"column":14},"skip":true}},"branchMap":{"1":{"line":25,"type":"binary-expr","locations":[{"start":{"line":25,"column":23},"end":{"line":25,"column":62}},{"start":{"line":26,"column":20},"end":{"line":26,"column":70}},{"start":{"line":27,"column":20},"end":{"line":27,"column":71}},{"start":{"line":28,"column":20},"end":{"line":28,"column":29}}]},"2":{"line":30,"type":"binary-expr","locations":[{"start":{"line":30,"column":23},"end":{"line":30,"column":37}},{"start":{"line":31,"column":20},"end":{"line":31,"column":61}},{"start":{"line":32,"column":20},"end":{"line":32,"column":70}},{"start":{"line":33,"column":20},"end":{"line":33,"column":26}}]},"3":{"line":37,"type":"cond-expr","locations":[{"start":{"line":38,"column":14},"end":{"line":38,"column":20}},{"start":{"line":39,"column":14},"end":{"line":39,"column":20}}]},"4":{"line":40,"type":"switch","locations":[{"start":{"line":42,"column":8},"end":{"line":47,"column":18}},{"start":{"line":49,"column":8},"end":{"line":52,"column":18}}]},"5":{"line":44,"type":"binary-expr","locations":[{"start":{"line":44,"column":16},"end":{"line":44,"column":44}},{"start":{"line":44,"column":48},"end":{"line":44,"column":66}}]},"6":{"line":50,"type":"binary-expr","locations":[{"start":{"line":50,"column":21},"end":{"line":50,"column":49}},{"start":{"line":50,"column":53},"end":{"line":50,"column":72}}]},"7":{"line":64,"type":"switch","locations":[{"start":{"line":69,"column":4},"end":{"line":70,"column":14}},{"start":{"line":75,"column":4},"end":{"line":76,"column":14}}]},"8":{"line":85,"type":"switch","locations":[{"start":{"line":90,"column":4},"end":{"line":105,"column":14}},{"start":{"line":111,"column":4},"end":{"line":193,"column":14},"skip":true}]},"9":{"line":91,"type":"binary-expr","locations":[{"start":{"line":91,"column":42},"end":{"line":91,"column":73}},{"start":{"line":91,"column":77},"end":{"line":99,"column":9}}]},"10":{"line":102,"type":"binary-expr","locations":[{"start":{"line":102,"column":18},"end":{"line":102,"column":32}},{"start":{"line":103,"column":12},"end":{"line":103,"column":53}},{"start":{"line":104,"column":12},"end":{"line":104,"column":61}}]},"11":{"line":112,"type":"binary-expr","locations":[{"start":{"line":112,"column":45},"end":{"line":112,"column":79},"skip":true},{"start":{"line":112,"column":83},"end":{"line":121,"column":9},"skip":true}]},"12":{"line":123,"type":"binary-expr","locations":[{"start":{"line":123,"column":42},"end":{"line":123,"column":73},"skip":true},{"start":{"line":123,"column":77},"end":{"line":136,"column":9},"skip":true}]},"13":{"line":138,"type":"binary-expr","locations":[{"start":{"line":138,"column":48},"end":{"line":138,"column":85},"skip":true},{"start":{"line":139,"column":12},"end":{"line":145,"column":13},"skip":true}]},"14":{"line":147,"type":"binary-expr","locations":[{"start":{"line":147,"column":42},"end":{"line":147,"column":73},"skip":true},{"start":{"line":147,"column":77},"end":{"line":156,"column":9},"skip":true}]},"15":{"line":158,"type":"binary-expr","locations":[{"start":{"line":158,"column":45},"end":{"line":158,"column":79},"skip":true},{"start":{"line":158,"column":83},"end":{"line":167,"column":9},"skip":true}]},"16":{"line":169,"type":"binary-expr","locations":[{"start":{"line":169,"column":43},"end":{"line":169,"column":75},"skip":true},{"start":{"line":169,"column":79},"end":{"line":178,"column":9},"skip":true}]},"17":{"line":180,"type":"binary-expr","locations":[{"start":{"line":180,"column":41},"end":{"line":180,"column":71},"skip":true},{"start":{"line":180,"column":75},"end":{"line":189,"column":9},"skip":true}]}},"code":["/* istanbul instrument in package npmtest_react_tween_state */","/*jslint","    bitwise: true,","    browser: true,","    maxerr: 8,","    maxlen: 96,","    node: true,","    nomen: true,","    regexp: true,","    stupid: true","*/","(function () {","    'use strict';","    var local;","","","","    // run shared js-env code - pre-init","    (function () {","        // init local","        local = {};","        // init modeJs","        local.modeJs = (function () {","            try {","                return typeof navigator.userAgent === 'string' &&","                    typeof document.querySelector('body') === 'object' &&","                    typeof XMLHttpRequest.prototype.open === 'function' &&","                    'browser';","            } catch (errorCaughtBrowser) {","                return module.exports &&","                    typeof process.versions.node === 'string' &&","                    typeof require('http').createServer === 'function' &&","                    'node';","            }","        }());","        // init global","        local.global = local.modeJs === 'browser'","            ? window","            : global;","        switch (local.modeJs) {","        // re-init local from window.local","        case 'browser':","            local = local.global.utility2.objectSetDefault(","                local.global.utility2_rollup || local.global.local,","                local.global.utility2","            );","            break;","        // re-init local from example.js","        case 'node':","            local = (local.global.utility2_rollup || require('utility2'))","                .requireExampleJsFromReadme();","            break;","        }","        // export local","        local.global.local = local;","    }());","","","","    // run shared js-env code - function","    (function () {","        return;","    }());","    switch (local.modeJs) {","","","","    // run browser js-env code - function","    case 'browser':","        break;","","","","    // run node js-env code - function","    case 'node':","        break;","    }","","","","    // run shared js-env code - post-init","    (function () {","        return;","    }());","    switch (local.modeJs) {","","","","    // run browser js-env code - post-init","    case 'browser':","        local.testCase_browser_nullCase = local.testCase_browser_nullCase || function (","            options,","            onError","        ) {","        /*","         * this function will test browsers's null-case handling-behavior-behavior","         */","            onError(null, options);","        };","","        // run tests","        local.nop(local.modeTest &&","            document.querySelector('#testRunButton1') &&","            document.querySelector('#testRunButton1').click());","        break;","","","","    // run node js-env code - post-init","    /* istanbul ignore next */","    case 'node':","        local.testCase_buildApidoc_default = local.testCase_buildApidoc_default || function (","            options,","            onError","        ) {","        /*","         * this function will test buildApidoc's default handling-behavior-behavior","         */","            options = { modulePathList: module.paths };","            local.buildApidoc(options, onError);","        };","","        local.testCase_buildApp_default = local.testCase_buildApp_default || function (","            options,","            onError","        ) {","        /*","         * this function will test buildApp's default handling-behavior-behavior","         */","            local.testCase_buildReadme_default(options, local.onErrorThrow);","            local.testCase_buildLib_default(options, local.onErrorThrow);","            local.testCase_buildTest_default(options, local.onErrorThrow);","            local.testCase_buildCustomOrg_default(options, local.onErrorThrow);","            options = [];","            local.buildApp(options, onError);","        };","","        local.testCase_buildCustomOrg_default = local.testCase_buildCustomOrg_default ||","            function (options, onError) {","            /*","             * this function will test buildCustomOrg's default handling-behavior","             */","                options = {};","                local.buildCustomOrg(options, onError);","            };","","        local.testCase_buildLib_default = local.testCase_buildLib_default || function (","            options,","            onError","        ) {","        /*","         * this function will test buildLib's default handling-behavior","         */","            options = {};","            local.buildLib(options, onError);","        };","","        local.testCase_buildReadme_default = local.testCase_buildReadme_default || function (","            options,","            onError","        ) {","        /*","         * this function will test buildReadme's default handling-behavior-behavior","         */","            options = {};","            local.buildReadme(options, onError);","        };","","        local.testCase_buildTest_default = local.testCase_buildTest_default || function (","            options,","            onError","        ) {","        /*","         * this function will test buildTest's default handling-behavior","         */","            options = {};","            local.buildTest(options, onError);","        };","","        local.testCase_webpage_default = local.testCase_webpage_default || function (","            options,","            onError","        ) {","        /*","         * this function will test webpage's default handling-behavior","         */","            options = { modeCoverageMerge: true, url: local.serverLocalHost + '?modeTest=1' };","            local.browserTest(options, onError);","        };","","        // run test-server","        local.testRunServer(local);","        break;","    }","}());",""],"l":{"12":2,"14":2,"19":2,"21":2,"23":2,"24":2,"25":2,"30":1,"37":2,"40":2,"43":1,"47":1,"50":1,"52":1,"55":2,"61":2,"62":2,"64":2,"70":1,"76":1,"82":2,"83":2,"85":2,"91":1,"98":1,"102":1,"105":1,"112":1,"119":1,"120":1,"123":1,"130":1,"131":1,"132":1,"133":1,"134":1,"135":1,"138":1,"143":2,"144":2,"147":1,"154":2,"155":2,"158":1,"165":2,"166":2,"169":1,"176":2,"177":2,"180":1,"187":1,"188":1,"192":1,"193":1}},"/home/travis/build/npmtest/node-npmtest-react-tween-state/lib.npmtest_react_tween_state.js":{"path":"/home/travis/build/npmtest/node-npmtest-react-tween-state/lib.npmtest_react_tween_state.js","s":{"1":2,"2":2,"3":2,"4":2,"5":2,"6":2,"7":2,"8":1,"9":2,"10":2,"11":2,"12":2,"13":1,"14":1,"15":1,"16":1},"b":{"1":[2,1,1,1],"2":[1,1,1,1],"3":[1,1],"4":[2,2],"5":[1,1]},"f":{"1":2,"2":2,"3":2},"fnMap":{"1":{"name":"(anonymous_1)","line":12,"loc":{"start":{"line":12,"column":1},"end":{"line":12,"column":13}}},"2":{"name":"(anonymous_2)","line":19,"loc":{"start":{"line":19,"column":5},"end":{"line":19,"column":17}}},"3":{"name":"(anonymous_3)","line":23,"loc":{"start":{"line":23,"column":24},"end":{"line":23,"column":36}}}},"statementMap":{"1":{"start":{"line":12,"column":0},"end":{"line":53,"column":5}},"2":{"start":{"line":14,"column":4},"end":{"line":14,"column":14}},"3":{"start":{"line":19,"column":4},"end":{"line":52,"column":9}},"4":{"start":{"line":21,"column":8},"end":{"line":21,"column":19}},"5":{"start":{"line":23,"column":8},"end":{"line":35,"column":13}},"6":{"start":{"line":24,"column":12},"end":{"line":34,"column":13}},"7":{"start":{"line":25,"column":16},"end":{"line":28,"column":30}},"8":{"start":{"line":30,"column":16},"end":{"line":33,"column":27}},"9":{"start":{"line":37,"column":8},"end":{"line":39,"column":21}},"10":{"start":{"line":41,"column":8},"end":{"line":41,"column":54}},"11":{"start":{"line":43,"column":8},"end":{"line":43,"column":62}},"12":{"start":{"line":45,"column":8},"end":{"line":51,"column":9}},"13":{"start":{"line":46,"column":12},"end":{"line":46,"column":68}},"14":{"start":{"line":48,"column":12},"end":{"line":48,"column":35}},"15":{"start":{"line":49,"column":12},"end":{"line":49,"column":49}},"16":{"start":{"line":50,"column":12},"end":{"line":50,"column":43}}},"branchMap":{"1":{"line":25,"type":"binary-expr","locations":[{"start":{"line":25,"column":23},"end":{"line":25,"column":62}},{"start":{"line":26,"column":20},"end":{"line":26,"column":70}},{"start":{"line":27,"column":20},"end":{"line":27,"column":71}},{"start":{"line":28,"column":20},"end":{"line":28,"column":29}}]},"2":{"line":30,"type":"binary-expr","locations":[{"start":{"line":30,"column":23},"end":{"line":30,"column":37}},{"start":{"line":31,"column":20},"end":{"line":31,"column":61}},{"start":{"line":32,"column":20},"end":{"line":32,"column":70}},{"start":{"line":33,"column":20},"end":{"line":33,"column":26}}]},"3":{"line":37,"type":"cond-expr","locations":[{"start":{"line":38,"column":14},"end":{"line":38,"column":20}},{"start":{"line":39,"column":14},"end":{"line":39,"column":20}}]},"4":{"line":41,"type":"binary-expr","locations":[{"start":{"line":41,"column":16},"end":{"line":41,"column":44}},{"start":{"line":41,"column":48},"end":{"line":41,"column":53}}]},"5":{"line":45,"type":"if","locations":[{"start":{"line":45,"column":8},"end":{"line":45,"column":8}},{"start":{"line":45,"column":8},"end":{"line":45,"column":8}}]}},"code":["/* istanbul instrument in package npmtest_react_tween_state */","/*jslint","    bitwise: true,","    browser: true,","    maxerr: 8,","    maxlen: 96,","    node: true,","    nomen: true,","    regexp: true,","    stupid: true","*/","(function () {","    'use strict';","    var local;","","","","    // run shared js-env code - pre-init","    (function () {","        // init local","        local = {};","        // init modeJs","        local.modeJs = (function () {","            try {","                return typeof navigator.userAgent === 'string' &&","                    typeof document.querySelector('body') === 'object' &&","                    typeof XMLHttpRequest.prototype.open === 'function' &&","                    'browser';","            } catch (errorCaughtBrowser) {","                return module.exports &&","                    typeof process.versions.node === 'string' &&","                    typeof require('http').createServer === 'function' &&","                    'node';","            }","        }());","        // init global","        local.global = local.modeJs === 'browser'","            ? window","            : global;","        // init utility2_rollup","        local = local.global.utility2_rollup || local;","        // init lib","        local.local = local.npmtest_react_tween_state = local;","        // init exports","        if (local.modeJs === 'browser') {","            local.global.utility2_npmtest_react_tween_state = local;","        } else {","            module.exports = local;","            module.exports.__dirname = __dirname;","            module.exports.module = module;","        }","    }());","}());",""],"l":{"12":2,"14":2,"19":2,"21":2,"23":2,"24":2,"25":2,"30":1,"37":2,"41":2,"43":2,"45":2,"46":1,"48":1,"49":1,"50":1}},"/home/travis/build/npmtest/node-npmtest-react-tween-state/example.js":{"path":"/home/travis/build/npmtest/node-npmtest-react-tween-state/example.js","s":{"1":2,"2":2,"3":2,"4":2,"5":2,"6":2,"7":2,"8":1,"9":2,"10":2,"11":2,"12":2,"13":1,"14":2,"15":2,"16":2,"17":2,"18":2,"19":0,"20":2,"21":1,"22":1,"23":1,"24":1,"25":1,"26":0,"27":0,"28":1,"29":1,"30":2,"31":0,"32":0,"33":0,"34":1,"35":2,"36":2,"37":3,"38":3,"39":3,"40":3,"41":0,"42":3,"43":3,"44":3,"45":1,"46":3,"47":1,"48":1,"49":1,"50":1,"51":1,"52":1,"53":1,"54":1,"55":1,"56":1,"57":0,"58":1,"59":6,"60":6,"61":1,"62":2,"63":0,"64":2,"65":1,"66":1,"67":0,"68":0,"69":0,"70":0,"71":0,"72":0,"73":0,"74":0,"75":0,"76":0,"77":0,"78":0,"79":0,"80":0,"81":0,"82":0,"83":0},"b":{"1":[2,1,1,1],"2":[1,1,1,1],"3":[1,1],"4":[2,2],"5":[1,1],"6":[1,1],"7":[2,0],"8":[2,1,1,1,1,1],"9":[0,2,0],"10":[1,1],"11":[2,1,1],"12":[1,0],"13":[0,2],"14":[2,0,0,0,0,0,0],"15":[0,3],"16":[3,0],"17":[1,1],"18":[0,1],"19":[1,2,0,2],"20":[1,0],"21":[1,1],"22":[0,0],"23":[0,0],"24":[0,0],"25":[0,0],"26":[0,0],"27":[0,0],"28":[0,0]},"f":{"1":2,"2":2,"3":2,"4":2,"5":2,"6":2,"7":3,"8":3,"9":3,"10":1,"11":6,"12":0},"fnMap":{"1":{"name":"(anonymous_1)","line":26,"loc":{"start":{"line":26,"column":1},"end":{"line":26,"column":13}}},"2":{"name":"(anonymous_2)","line":33,"loc":{"start":{"line":33,"column":5},"end":{"line":33,"column":17}}},"3":{"name":"(anonymous_3)","line":37,"loc":{"start":{"line":37,"column":24},"end":{"line":37,"column":36}}},"4":{"name":"(anonymous_4)","line":69,"loc":{"start":{"line":69,"column":31},"end":{"line":69,"column":48}},"skip":true},"5":{"name":"(anonymous_5)","line":78,"loc":{"start":{"line":78,"column":26},"end":{"line":78,"column":45}},"skip":true},"6":{"name":"(anonymous_6)","line":123,"loc":{"start":{"line":123,"column":33},"end":{"line":123,"column":48}},"skip":true},"7":{"name":"(anonymous_7)","line":125,"loc":{"start":{"line":125,"column":27},"end":{"line":125,"column":39}},"skip":true},"8":{"name":"(anonymous_8)","line":133,"loc":{"start":{"line":133,"column":59},"end":{"line":133,"column":74}},"skip":true},"9":{"name":"(anonymous_9)","line":143,"loc":{"start":{"line":143,"column":45},"end":{"line":143,"column":62}},"skip":true},"10":{"name":"(anonymous_10)","line":144,"loc":{"start":{"line":144,"column":73},"end":{"line":144,"column":92}},"skip":true},"11":{"name":"(anonymous_11)","line":272,"loc":{"start":{"line":272,"column":51},"end":{"line":272,"column":77}},"skip":true},"12":{"name":"(anonymous_12)","line":315,"loc":{"start":{"line":315,"column":32},"end":{"line":315,"column":61}},"skip":true}},"statementMap":{"1":{"start":{"line":26,"column":0},"end":{"line":326,"column":5}},"2":{"start":{"line":28,"column":4},"end":{"line":28,"column":14}},"3":{"start":{"line":33,"column":4},"end":{"line":60,"column":9}},"4":{"start":{"line":35,"column":8},"end":{"line":35,"column":19}},"5":{"start":{"line":37,"column":8},"end":{"line":49,"column":13}},"6":{"start":{"line":38,"column":12},"end":{"line":48,"column":13}},"7":{"start":{"line":39,"column":16},"end":{"line":42,"column":30}},"8":{"start":{"line":44,"column":16},"end":{"line":47,"column":27}},"9":{"start":{"line":51,"column":8},"end":{"line":53,"column":21}},"10":{"start":{"line":55,"column":8},"end":{"line":57,"column":45}},"11":{"start":{"line":59,"column":8},"end":{"line":59,"column":35}},"12":{"start":{"line":61,"column":4},"end":{"line":325,"column":5}},"13":{"start":{"line":69,"column":8},"end":{"line":121,"column":10},"skip":true},"14":{"start":{"line":70,"column":12},"end":{"line":88,"column":13},"skip":true},"15":{"start":{"line":76,"column":16},"end":{"line":87,"column":19},"skip":true},"16":{"start":{"line":79,"column":20},"end":{"line":86,"column":21},"skip":true},"17":{"start":{"line":82,"column":24},"end":{"line":82,"column":43},"skip":true},"18":{"start":{"line":83,"column":24},"end":{"line":83,"column":30},"skip":true},"19":{"start":{"line":85,"column":24},"end":{"line":85,"column":49},"skip":true},"20":{"start":{"line":89,"column":12},"end":{"line":107,"column":13},"skip":true},"21":{"start":{"line":92,"column":16},"end":{"line":102,"column":17},"skip":true},"22":{"start":{"line":93,"column":20},"end":{"line":93,"column":86},"skip":true},"23":{"start":{"line":94,"column":20},"end":{"line":95,"column":45},"skip":true},"24":{"start":{"line":96,"column":20},"end":{"line":96,"column":42},"skip":true},"25":{"start":{"line":97,"column":20},"end":{"line":97,"column":48},"skip":true},"26":{"start":{"line":100,"column":20},"end":{"line":100,"column":85},"skip":true},"27":{"start":{"line":101,"column":20},"end":{"line":101,"column":96},"skip":true},"28":{"start":{"line":103,"column":16},"end":{"line":103,"column":22},"skip":true},"29":{"start":{"line":106,"column":16},"end":{"line":106,"column":22},"skip":true},"30":{"start":{"line":108,"column":12},"end":{"line":120,"column":13},"skip":true},"31":{"start":{"line":114,"column":16},"end":{"line":119,"column":17},"skip":true},"32":{"start":{"line":116,"column":20},"end":{"line":116,"column":78},"skip":true},"33":{"start":{"line":118,"column":20},"end":{"line":118,"column":47},"skip":true},"34":{"start":{"line":123,"column":8},"end":{"line":141,"column":11},"skip":true},"35":{"start":{"line":124,"column":12},"end":{"line":124,"column":54},"skip":true},"36":{"start":{"line":125,"column":12},"end":{"line":140,"column":14},"skip":true},"37":{"start":{"line":126,"column":16},"end":{"line":126,"column":28},"skip":true},"38":{"start":{"line":127,"column":16},"end":{"line":127,"column":69},"skip":true},"39":{"start":{"line":128,"column":16},"end":{"line":128,"column":75},"skip":true},"40":{"start":{"line":129,"column":16},"end":{"line":131,"column":17},"skip":true},"41":{"start":{"line":130,"column":20},"end":{"line":130,"column":27},"skip":true},"42":{"start":{"line":133,"column":16},"end":{"line":137,"column":36},"skip":true},"43":{"start":{"line":134,"column":20},"end":{"line":136,"column":55},"skip":true},"44":{"start":{"line":139,"column":16},"end":{"line":139,"column":57},"skip":true},"45":{"start":{"line":143,"column":8},"end":{"line":147,"column":11},"skip":true},"46":{"start":{"line":144,"column":12},"end":{"line":146,"column":15},"skip":true},"47":{"start":{"line":145,"column":16},"end":{"line":145,"column":70},"skip":true},"48":{"start":{"line":149,"column":8},"end":{"line":149,"column":31},"skip":true},"49":{"start":{"line":150,"column":8},"end":{"line":150,"column":14},"skip":true},"50":{"start":{"line":158,"column":8},"end":{"line":158,"column":31},"skip":true},"51":{"start":{"line":160,"column":8},"end":{"line":160,"column":33},"skip":true},"52":{"start":{"line":161,"column":8},"end":{"line":161,"column":37},"skip":true},"53":{"start":{"line":162,"column":8},"end":{"line":162,"column":35},"skip":true},"54":{"start":{"line":164,"column":8},"end":{"line":164,"column":50},"skip":true},"55":{"start":{"line":166,"column":8},"end":{"line":256,"column":2},"skip":true},"56":{"start":{"line":258,"column":8},"end":{"line":286,"column":9},"skip":true},"57":{"start":{"line":259,"column":12},"end":{"line":269,"column":14},"skip":true},"58":{"start":{"line":271,"column":12},"end":{"line":285,"column":19},"skip":true},"59":{"start":{"line":274,"column":20},"end":{"line":274,"column":35},"skip":true},"60":{"start":{"line":275,"column":20},"end":{"line":284,"column":21},"skip":true},"61":{"start":{"line":277,"column":24},"end":{"line":277,"column":64},"skip":true},"62":{"start":{"line":279,"column":24},"end":{"line":279,"column":40},"skip":true},"63":{"start":{"line":281,"column":24},"end":{"line":281,"column":40},"skip":true},"64":{"start":{"line":283,"column":24},"end":{"line":283,"column":39},"skip":true},"65":{"start":{"line":288,"column":8},"end":{"line":290,"column":9},"skip":true},"66":{"start":{"line":289,"column":12},"end":{"line":289,"column":18},"skip":true},"67":{"start":{"line":291,"column":8},"end":{"line":293,"column":54},"skip":true},"68":{"start":{"line":296,"column":8},"end":{"line":301,"column":37},"skip":true},"69":{"start":{"line":303,"column":8},"end":{"line":303,"column":82},"skip":true},"70":{"start":{"line":306,"column":8},"end":{"line":308,"column":9},"skip":true},"71":{"start":{"line":307,"column":12},"end":{"line":307,"column":82},"skip":true},"72":{"start":{"line":310,"column":8},"end":{"line":312,"column":9},"skip":true},"73":{"start":{"line":311,"column":12},"end":{"line":311,"column":18},"skip":true},"74":{"start":{"line":313,"column":8},"end":{"line":313,"column":54},"skip":true},"75":{"start":{"line":314,"column":8},"end":{"line":314,"column":69},"skip":true},"76":{"start":{"line":315,"column":8},"end":{"line":323,"column":36},"skip":true},"77":{"start":{"line":316,"column":12},"end":{"line":316,"column":61},"skip":true},"78":{"start":{"line":317,"column":12},"end":{"line":320,"column":13},"skip":true},"79":{"start":{"line":318,"column":16},"end":{"line":318,"column":75},"skip":true},"80":{"start":{"line":319,"column":16},"end":{"line":319,"column":23},"skip":true},"81":{"start":{"line":321,"column":12},"end":{"line":321,"column":38},"skip":true},"82":{"start":{"line":322,"column":12},"end":{"line":322,"column":27},"skip":true},"83":{"start":{"line":324,"column":8},"end":{"line":324,"column":14},"skip":true}},"branchMap":{"1":{"line":39,"type":"binary-expr","locations":[{"start":{"line":39,"column":23},"end":{"line":39,"column":62}},{"start":{"line":40,"column":20},"end":{"line":40,"column":70}},{"start":{"line":41,"column":20},"end":{"line":41,"column":71}},{"start":{"line":42,"column":20},"end":{"line":42,"column":29}}]},"2":{"line":44,"type":"binary-expr","locations":[{"start":{"line":44,"column":23},"end":{"line":44,"column":37}},{"start":{"line":45,"column":20},"end":{"line":45,"column":61}},{"start":{"line":46,"column":20},"end":{"line":46,"column":70}},{"start":{"line":47,"column":20},"end":{"line":47,"column":26}}]},"3":{"line":51,"type":"cond-expr","locations":[{"start":{"line":52,"column":14},"end":{"line":52,"column":20}},{"start":{"line":53,"column":14},"end":{"line":53,"column":20}}]},"4":{"line":55,"type":"binary-expr","locations":[{"start":{"line":55,"column":16},"end":{"line":55,"column":44}},{"start":{"line":55,"column":49},"end":{"line":57,"column":43}}]},"5":{"line":55,"type":"cond-expr","locations":[{"start":{"line":56,"column":14},"end":{"line":56,"column":61}},{"start":{"line":57,"column":14},"end":{"line":57,"column":43}}]},"6":{"line":61,"type":"switch","locations":[{"start":{"line":68,"column":4},"end":{"line":150,"column":14},"skip":true},{"start":{"line":156,"column":4},"end":{"line":324,"column":14},"skip":true}]},"7":{"line":70,"type":"if","locations":[{"start":{"line":70,"column":12},"end":{"line":70,"column":12},"skip":true},{"start":{"line":70,"column":12},"end":{"line":70,"column":12},"skip":true}]},"8":{"line":70,"type":"binary-expr","locations":[{"start":{"line":70,"column":16},"end":{"line":70,"column":22},"skip":true},{"start":{"line":70,"column":27},"end":{"line":70,"column":32},"skip":true},{"start":{"line":71,"column":20},"end":{"line":71,"column":39},"skip":true},{"start":{"line":72,"column":20},"end":{"line":72,"column":49},"skip":true},{"start":{"line":73,"column":20},"end":{"line":73,"column":58},"skip":true},{"start":{"line":74,"column":20},"end":{"line":74,"column":69},"skip":true}]},"9":{"line":79,"type":"switch","locations":[{"start":{"line":80,"column":20},"end":{"line":80,"column":33},"skip":true},{"start":{"line":81,"column":20},"end":{"line":83,"column":30},"skip":true},{"start":{"line":84,"column":20},"end":{"line":85,"column":49},"skip":true}]},"10":{"line":89,"type":"switch","locations":[{"start":{"line":90,"column":12},"end":{"line":103,"column":22},"skip":true},{"start":{"line":105,"column":12},"end":{"line":106,"column":22},"skip":true}]},"11":{"line":89,"type":"binary-expr","locations":[{"start":{"line":89,"column":20},"end":{"line":89,"column":25},"skip":true},{"start":{"line":89,"column":29},"end":{"line":89,"column":48},"skip":true},{"start":{"line":89,"column":52},"end":{"line":89,"column":74},"skip":true}]},"12":{"line":92,"type":"if","locations":[{"start":{"line":92,"column":16},"end":{"line":92,"column":16},"skip":true},{"start":{"line":92,"column":16},"end":{"line":92,"column":16},"skip":true}]},"13":{"line":108,"type":"if","locations":[{"start":{"line":108,"column":12},"end":{"line":108,"column":12},"skip":true},{"start":{"line":108,"column":12},"end":{"line":108,"column":12},"skip":true}]},"14":{"line":108,"type":"binary-expr","locations":[{"start":{"line":108,"column":16},"end":{"line":108,"column":61},"skip":true},{"start":{"line":108,"column":66},"end":{"line":108,"column":72},"skip":true},{"start":{"line":108,"column":77},"end":{"line":108,"column":82},"skip":true},{"start":{"line":109,"column":20},"end":{"line":109,"column":39},"skip":true},{"start":{"line":110,"column":20},"end":{"line":110,"column":49},"skip":true},{"start":{"line":111,"column":20},"end":{"line":111,"column":58},"skip":true},{"start":{"line":112,"column":20},"end":{"line":112,"column":68},"skip":true}]},"15":{"line":129,"type":"if","locations":[{"start":{"line":129,"column":16},"end":{"line":129,"column":16},"skip":true},{"start":{"line":129,"column":16},"end":{"line":129,"column":16},"skip":true}]},"16":{"line":134,"type":"cond-expr","locations":[{"start":{"line":135,"column":26},"end":{"line":135,"column":29},"skip":true},{"start":{"line":136,"column":26},"end":{"line":136,"column":54},"skip":true}]},"17":{"line":164,"type":"binary-expr","locations":[{"start":{"line":164,"column":27},"end":{"line":164,"column":43},"skip":true},{"start":{"line":164,"column":47},"end":{"line":164,"column":49},"skip":true}]},"18":{"line":258,"type":"if","locations":[{"start":{"line":258,"column":8},"end":{"line":258,"column":8},"skip":true},{"start":{"line":258,"column":8},"end":{"line":258,"column":8},"skip":true}]},"19":{"line":275,"type":"switch","locations":[{"start":{"line":276,"column":20},"end":{"line":277,"column":64},"skip":true},{"start":{"line":278,"column":20},"end":{"line":279,"column":40},"skip":true},{"start":{"line":280,"column":20},"end":{"line":281,"column":40},"skip":true},{"start":{"line":282,"column":20},"end":{"line":283,"column":39},"skip":true}]},"20":{"line":288,"type":"if","locations":[{"start":{"line":288,"column":8},"end":{"line":288,"column":8},"skip":true},{"start":{"line":288,"column":8},"end":{"line":288,"column":8},"skip":true}]},"21":{"line":288,"type":"binary-expr","locations":[{"start":{"line":288,"column":12},"end":{"line":288,"column":40},"skip":true},{"start":{"line":288,"column":44},"end":{"line":288,"column":67},"skip":true}]},"22":{"line":292,"type":"binary-expr","locations":[{"start":{"line":292,"column":12},"end":{"line":292,"column":50},"skip":true},{"start":{"line":293,"column":12},"end":{"line":293,"column":53},"skip":true}]},"23":{"line":297,"type":"binary-expr","locations":[{"start":{"line":297,"column":12},"end":{"line":297,"column":75},"skip":true},{"start":{"line":298,"column":12},"end":{"line":301,"column":36},"skip":true}]},"24":{"line":303,"type":"binary-expr","locations":[{"start":{"line":303,"column":43},"end":{"line":303,"column":75},"skip":true},{"start":{"line":303,"column":79},"end":{"line":303,"column":81},"skip":true}]},"25":{"line":306,"type":"if","locations":[{"start":{"line":306,"column":8},"end":{"line":306,"column":8},"skip":true},{"start":{"line":306,"column":8},"end":{"line":306,"column":8},"skip":true}]},"26":{"line":310,"type":"if","locations":[{"start":{"line":310,"column":8},"end":{"line":310,"column":8},"skip":true},{"start":{"line":310,"column":8},"end":{"line":310,"column":8},"skip":true}]},"27":{"line":313,"type":"binary-expr","locations":[{"start":{"line":313,"column":27},"end":{"line":313,"column":43},"skip":true},{"start":{"line":313,"column":47},"end":{"line":313,"column":53},"skip":true}]},"28":{"line":317,"type":"if","locations":[{"start":{"line":317,"column":12},"end":{"line":317,"column":12},"skip":true},{"start":{"line":317,"column":12},"end":{"line":317,"column":12},"skip":true}]}},"code":["/*","example.js","","quickstart example","","instruction","    1. save this script as example.js","    2. run the shell command:","        $ npm install npmtest-react-tween-state && PORT=8081 node example.js","    3. play with the browser-demo on http://127.0.0.1:8081","*/","","","","/* istanbul instrument in package npmtest_react_tween_state */","/*jslint","    bitwise: true,","    browser: true,","    maxerr: 8,","    maxlen: 96,","    node: true,","    nomen: true,","    regexp: true,","    stupid: true","*/","(function () {","    'use strict';","    var local;","","","","    // run shared js-env code - pre-init","    (function () {","        // init local","        local = {};","        // init modeJs","        local.modeJs = (function () {","            try {","                return typeof navigator.userAgent === 'string' &&","                    typeof document.querySelector('body') === 'object' &&","                    typeof XMLHttpRequest.prototype.open === 'function' &&","                    'browser';","            } catch (errorCaughtBrowser) {","                return module.exports &&","                    typeof process.versions.node === 'string' &&","                    typeof require('http').createServer === 'function' &&","                    'node';","            }","        }());","        // init global","        local.global = local.modeJs === 'browser'","            ? window","            : global;","        // init utility2_rollup","        local = local.global.utility2_rollup || (local.modeJs === 'browser'","            ? local.global.utility2_npmtest_react_tween_state","            : global.utility2_moduleExports);","        // export local","        local.global.local = local;","    }());","    switch (local.modeJs) {","","","","    // post-init","    // run browser js-env code - post-init","    /* istanbul ignore next */","    case 'browser':","        local.testRunBrowser = function (event) {","            if (!event || (event &&","                    event.currentTarget &&","                    event.currentTarget.className &&","                    event.currentTarget.className.includes &&","                    event.currentTarget.className.includes('onreset'))) {","                // reset output","                Array.from(","                    document.querySelectorAll('body > .resettable')","                ).forEach(function (element) {","                    switch (element.tagName) {","                    case 'INPUT':","                    case 'TEXTAREA':","                        element.value = '';","                        break;","                    default:","                        element.textContent = '';","                    }","                });","            }","            switch (event && event.currentTarget && event.currentTarget.id) {","            case 'testRunButton1':","                // show tests","                if (document.querySelector('#testReportDiv1').style.display === 'none') {","                    document.querySelector('#testReportDiv1').style.display = 'block';","                    document.querySelector('#testRunButton1').textContent =","                        'hide internal test';","                    local.modeTest = true;","                    local.testRunDefault(local);","                // hide tests","                } else {","                    document.querySelector('#testReportDiv1').style.display = 'none';","                    document.querySelector('#testRunButton1').textContent = 'run internal test';","                }","                break;","            // custom-case","            default:","                break;","            }","            if (document.querySelector('#inputTextareaEval1') && (!event || (event &&","                    event.currentTarget &&","                    event.currentTarget.className &&","                    event.currentTarget.className.includes &&","                    event.currentTarget.className.includes('oneval')))) {","                // try to eval input-code","                try {","                    /*jslint evil: true*/","                    eval(document.querySelector('#inputTextareaEval1').value);","                } catch (errorCaught) {","                    console.error(errorCaught);","                }","            }","        };","        // log stderr and stdout to #outputTextareaStdout1","        ['error', 'log'].forEach(function (key) {","            console[key + '_original'] = console[key];","            console[key] = function () {","                var element;","                console[key + '_original'].apply(console, arguments);","                element = document.querySelector('#outputTextareaStdout1');","                if (!element) {","                    return;","                }","                // append text to #outputTextareaStdout1","                element.value += Array.from(arguments).map(function (arg) {","                    return typeof arg === 'string'","                        ? arg","                        : JSON.stringify(arg, null, 4);","                }).join(' ') + '\\n';","                // scroll textarea to bottom","                element.scrollTop = element.scrollHeight;","            };","        });","        // init event-handling","        ['change', 'click', 'keyup'].forEach(function (event) {","            Array.from(document.querySelectorAll('.on' + event)).forEach(function (element) {","                element.addEventListener(event, local.testRunBrowser);","            });","        });","        // run tests","        local.testRunBrowser();","        break;","","","","    // run node js-env code - post-init","    /* istanbul ignore next */","    case 'node':","        // export local","        module.exports = local;","        // require modules","        local.fs = require('fs');","        local.http = require('http');","        local.url = require('url');","        // init assets","        local.assetsDict = local.assetsDict || {};","        /* jslint-ignore-begin */","        local.assetsDict['/assets.index.template.html'] = '\\","<!doctype html>\\n\\","<html lang=\"en\">\\n\\","<head>\\n\\","<meta charset=\"UTF-8\">\\n\\","<meta name=\"viewport\" content=\"width=device-width, initial-scale=1\">\\n\\","<title>{{env.npm_package_name}} (v{{env.npm_package_version}})</title>\\n\\","<style>\\n\\","/*csslint\\n\\","    box-sizing: false,\\n\\","    universal-selector: false\\n\\","*/\\n\\","* {\\n\\","    box-sizing: border-box;\\n\\","}\\n\\","body {\\n\\","    background: #dde;\\n\\","    font-family: Arial, Helvetica, sans-serif;\\n\\","    margin: 2rem;\\n\\","}\\n\\","body > * {\\n\\","    margin-bottom: 1rem;\\n\\","}\\n\\",".utility2FooterDiv {\\n\\","    margin-top: 20px;\\n\\","    text-align: center;\\n\\","}\\n\\","</style>\\n\\","<style>\\n\\","/*csslint\\n\\","*/\\n\\","textarea {\\n\\","    font-family: monospace;\\n\\","    height: 10rem;\\n\\","    width: 100%;\\n\\","}\\n\\","textarea[readonly] {\\n\\","    background: #ddd;\\n\\","}\\n\\","</style>\\n\\","</head>\\n\\","<body>\\n\\","<!-- utility2-comment\\n\\","<div id=\"ajaxProgressDiv1\" style=\"background: #d00; height: 2px; left: 0; margin: 0; padding: 0; position: fixed; top: 0; transition: background 0.5s, width 1.5s; width: 25%;\"></div>\\n\\","utility2-comment -->\\n\\","<h1>\\n\\","<!-- utility2-comment\\n\\","    <a\\n\\","        {{#if env.npm_package_homepage}}\\n\\","        href=\"{{env.npm_package_homepage}}\"\\n\\","        {{/if env.npm_package_homepage}}\\n\\","        target=\"_blank\"\\n\\","    >\\n\\","utility2-comment -->\\n\\","        {{env.npm_package_name}} (v{{env.npm_package_version}})\\n\\","<!-- utility2-comment\\n\\","    </a>\\n\\","utility2-comment -->\\n\\","</h1>\\n\\","<h3>{{env.npm_package_description}}</h3>\\n\\","<!-- utility2-comment\\n\\","<h4><a download href=\"assets.app.js\">download standalone app</a></h4>\\n\\","<button class=\"onclick onreset\" id=\"testRunButton1\">run internal test</button><br>\\n\\","<div id=\"testReportDiv1\" style=\"display: none;\"></div>\\n\\","utility2-comment -->\\n\\","\\n\\","\\n\\","\\n\\","<label>stderr and stdout</label>\\n\\","<textarea class=\"resettable\" id=\"outputTextareaStdout1\" readonly></textarea>\\n\\","<!-- utility2-comment\\n\\","{{#if isRollup}}\\n\\","<script src=\"assets.app.js\"></script>\\n\\","{{#unless isRollup}}\\n\\","utility2-comment -->\\n\\","<script src=\"assets.utility2.rollup.js\"></script>\\n\\","<script src=\"jsonp.utility2._stateInit?callback=window.utility2._stateInit\"></script>\\n\\","<script src=\"assets.npmtest_react_tween_state.rollup.js\"></script>\\n\\","<script src=\"assets.example.js\"></script>\\n\\","<script src=\"assets.test.js\"></script>\\n\\","<!-- utility2-comment\\n\\","{{/if isRollup}}\\n\\","utility2-comment -->\\n\\","<div class=\"utility2FooterDiv\">\\n\\","    [ this app was created with\\n\\","    <a href=\"https://github.com/kaizhu256/node-utility2\" target=\"_blank\">utility2</a>\\n\\","    ]\\n\\","</div>\\n\\","</body>\\n\\","</html>\\n\\","';","        /* jslint-ignore-end */","        if (local.templateRender) {","            local.assetsDict['/'] = local.templateRender(","                local.assetsDict['/assets.index.template.html'],","                {","                    env: local.objectSetDefault(local.env, {","                        npm_package_description: 'the greatest app in the world!',","                        npm_package_name: 'my-app',","                        npm_package_nameAlias: 'my_app',","                        npm_package_version: '0.0.1'","                    })","                }","            );","        } else {","            local.assetsDict['/'] = local.assetsDict['/assets.index.template.html']","                .replace((/\\{\\{env\\.(\\w+?)\\}\\}/g), function (match0, match1) {","                    // jslint-hack","                    String(match0);","                    switch (match1) {","                    case 'npm_package_description':","                        return 'the greatest app in the world!';","                    case 'npm_package_name':","                        return 'my-app';","                    case 'npm_package_nameAlias':","                        return 'my_app';","                    case 'npm_package_version':","                        return '0.0.1';","                    }","                });","        }","        // run the cli","        if (local.global.utility2_rollup || module !== require.main) {","            break;","        }","        local.assetsDict['/assets.example.js'] =","            local.assetsDict['/assets.example.js'] ||","            local.fs.readFileSync(__filename, 'utf8');","        // bug-workaround - long $npm_package_buildCustomOrg","        /* jslint-ignore-begin */","        local.assetsDict['/assets.npmtest_react_tween_state.rollup.js'] =","            local.assetsDict['/assets.npmtest_react_tween_state.rollup.js'] ||","            local.fs.readFileSync(","                local.npmtest_react_tween_state.__dirname + '/lib.npmtest_react_tween_state.js',","                'utf8'","            ).replace((/^#!/), '//');","        /* jslint-ignore-end */","        local.assetsDict['/favicon.ico'] = local.assetsDict['/favicon.ico'] || '';","        // if $npm_config_timeout_exit exists,","        // then exit this process after $npm_config_timeout_exit ms","        if (Number(process.env.npm_config_timeout_exit)) {","            setTimeout(process.exit, Number(process.env.npm_config_timeout_exit));","        }","        // start server","        if (local.global.utility2_serverHttp1) {","            break;","        }","        process.env.PORT = process.env.PORT || '8081';","        console.error('server starting on port ' + process.env.PORT);","        local.http.createServer(function (request, response) {","            request.urlParsed = local.url.parse(request.url);","            if (local.assetsDict[request.urlParsed.pathname] !== undefined) {","                response.end(local.assetsDict[request.urlParsed.pathname]);","                return;","            }","            response.statusCode = 404;","            response.end();","        }).listen(process.env.PORT);","        break;","    }","}());",""],"l":{"26":2,"28":2,"33":2,"35":2,"37":2,"38":2,"39":2,"44":1,"51":2,"55":2,"59":2,"61":2,"69":1,"70":2,"76":2,"79":2,"82":2,"83":2,"85":1,"89":2,"92":1,"93":1,"94":1,"96":1,"97":1,"100":1,"101":1,"103":1,"106":1,"108":2,"114":1,"116":1,"118":1,"123":1,"124":2,"125":2,"126":3,"127":3,"128":3,"129":3,"130":1,"133":3,"134":3,"139":3,"143":1,"144":3,"145":1,"149":1,"150":1,"158":1,"160":1,"161":1,"162":1,"164":1,"166":1,"258":1,"259":1,"271":1,"274":6,"275":6,"277":1,"279":2,"281":1,"283":2,"288":1,"289":1,"291":1,"296":1,"303":1,"306":1,"307":1,"310":1,"311":1,"313":1,"314":1,"315":1,"316":1,"317":1,"318":1,"319":1,"321":1,"322":1,"324":1}},"/home/travis/build/npmtest/node-npmtest-react-tween-state/node_modules/react-tween-state/lib/index.js":{"path":"/home/travis/build/npmtest/node-npmtest-react-tween-state/node_modules/react-tween-state/lib/index.js","s":{"1":1,"2":1,"3":1,"4":1,"5":6,"6":0,"7":6,"8":6,"9":1,"10":1,"11":1,"12":1,"13":0,"14":1,"15":0,"16":0,"17":0,"18":0,"19":0,"20":0,"21":0,"22":0,"23":1,"24":0,"25":1,"26":1,"27":1,"28":0,"29":0,"30":0,"31":0,"32":0,"33":0,"34":0,"35":0,"36":0,"37":0,"38":1,"39":2,"40":1,"41":1,"42":0,"43":0,"44":0,"45":0,"46":0,"47":0,"48":0,"49":0,"50":0,"51":0,"52":0,"53":0,"54":0,"55":0,"56":0,"57":0,"58":0,"59":0,"60":0,"61":0,"62":0,"63":0,"64":0,"65":0,"66":0,"67":0,"68":0,"69":0,"70":0,"71":0,"72":0,"73":0,"74":1,"75":1,"76":2,"77":1,"78":1,"79":1,"80":0,"81":0,"82":0,"83":0,"84":0,"85":0,"86":0,"87":0,"88":0,"89":0,"90":0,"91":0,"92":0,"93":0,"94":1,"95":0,"96":0,"97":1,"98":1,"99":1,"100":1,"101":0,"102":0,"103":0,"104":0,"105":0,"106":0,"107":1,"108":0,"109":0,"110":0,"111":0,"112":0,"113":0,"114":0,"115":0,"116":0,"117":0,"118":0,"119":0,"120":0,"121":0,"122":0,"123":0,"124":0,"125":0,"126":0,"127":0,"128":0,"129":0,"130":0,"131":0,"132":0,"133":0,"134":0,"135":0,"136":0,"137":0,"138":0,"139":0,"140":0,"141":0,"142":0,"143":0,"144":0,"145":0,"146":0,"147":0,"148":0,"149":0,"150":0,"151":0,"152":0,"153":0,"154":0,"155":0,"156":0,"157":0,"158":0,"159":0,"160":0,"161":0,"162":0,"163":0,"164":0,"165":0,"166":0,"167":0,"168":0,"169":0,"170":1},"b":{"1":[1,0],"2":[1,1],"3":[0,0],"4":[0,0],"5":[0,0],"6":[0,6],"7":[0,0],"8":[0,0],"9":[0,0],"10":[0,0],"11":[0,0],"12":[0,0,0],"13":[0,2],"14":[2,2],"15":[0,0],"16":[0,0],"17":[0,0],"18":[0,0],"19":[0,0],"20":[0,0],"21":[0,0],"22":[0,0],"23":[0,0],"24":[0,0],"25":[0,0],"26":[0,0],"27":[0,0],"28":[0,0],"29":[0,0],"30":[0,0],"31":[3,2],"32":[2,2],"33":[1,0],"34":[1,0],"35":[0,0],"36":[0,0],"37":[0,0],"38":[0,1],"39":[1,0,0],"40":[0,1],"41":[1,1,1],"42":[1,0],"43":[0,0],"44":[0,0],"45":[0,0],"46":[0,0],"47":[0,0],"48":[0,0],"49":[0,0],"50":[0,0],"51":[0,0],"52":[0,0],"53":[0,0],"54":[0,0],"55":[0,0],"56":[0,0],"57":[0,0],"58":[0,0],"59":[0,0],"60":[0,0],"61":[0,0],"62":[0,0],"63":[0,0],"64":[0,0],"65":[0,0],"66":[0,0],"67":[0,0],"68":[0,0],"69":[0,0],"70":[0,0],"71":[0,0],"72":[0,0],"73":[0,0]},"f":{"1":1,"2":1,"3":1,"4":6,"5":1,"6":1,"7":0,"8":0,"9":0,"10":0,"11":0,"12":0,"13":0,"14":0,"15":0,"16":0,"17":1,"18":2,"19":0,"20":0,"21":0,"22":0,"23":0,"24":0,"25":0,"26":1,"27":0,"28":0,"29":0,"30":0,"31":0,"32":0,"33":1,"34":1,"35":1,"36":0,"37":0,"38":0,"39":0,"40":0,"41":1,"42":0,"43":0,"44":0,"45":0,"46":0,"47":0,"48":0,"49":0,"50":0,"51":0,"52":0,"53":0,"54":0,"55":0,"56":0,"57":0,"58":0,"59":0,"60":0,"61":0,"62":0,"63":0,"64":0,"65":0,"66":0,"67":0,"68":0,"69":0,"70":0,"71":0,"72":0},"fnMap":{"1":{"name":"(anonymous_1)","line":1,"loc":{"start":{"line":1,"column":1},"end":{"line":1,"column":14}}},"2":{"name":"(anonymous_2)","line":1,"loc":{"start":{"line":1,"column":206},"end":{"line":1,"column":216}}},"3":{"name":"(anonymous_3)","line":1,"loc":{"start":{"line":1,"column":224},"end":{"line":1,"column":235}}},"4":{"name":"n","line":1,"loc":{"start":{"line":1,"column":236},"end":{"line":1,"column":249}}},"5":{"name":"(anonymous_5)","line":1,"loc":{"start":{"line":1,"column":425},"end":{"line":1,"column":440}}},"6":{"name":"(anonymous_6)","line":1,"loc":{"start":{"line":1,"column":460},"end":{"line":1,"column":473}}},"7":{"name":"t","line":1,"loc":{"start":{"line":1,"column":474},"end":{"line":1,"column":486}}},"8":{"name":"r","line":1,"loc":{"start":{"line":1,"column":534},"end":{"line":1,"column":546}}},"9":{"name":"a","line":1,"loc":{"start":{"line":1,"column":681},"end":{"line":1,"column":696}}},"10":{"name":"u","line":1,"loc":{"start":{"line":1,"column":721},"end":{"line":1,"column":733}}},"11":{"name":"(anonymous_11)","line":1,"loc":{"start":{"line":1,"column":782},"end":{"line":1,"column":793}}},"12":{"name":"(anonymous_12)","line":1,"loc":{"start":{"line":1,"column":976},"end":{"line":1,"column":986}}},"13":{"name":"(anonymous_13)","line":1,"loc":{"start":{"line":1,"column":1198},"end":{"line":1,"column":1209}}},"14":{"name":"(anonymous_14)","line":1,"loc":{"start":{"line":1,"column":1269},"end":{"line":1,"column":1279}}},"15":{"name":"(anonymous_15)","line":1,"loc":{"start":{"line":1,"column":1299},"end":{"line":1,"column":1310}}},"16":{"name":"(anonymous_16)","line":1,"loc":{"start":{"line":1,"column":1370},"end":{"line":1,"column":1380}}},"17":{"name":"(anonymous_17)","line":1,"loc":{"start":{"line":1,"column":1395},"end":{"line":1,"column":1410}}},"18":{"name":"r","line":1,"loc":{"start":{"line":1,"column":1424},"end":{"line":1,"column":1437}}},"19":{"name":"(anonymous_19)","line":1,"loc":{"start":{"line":1,"column":1683},"end":{"line":1,"column":1693}}},"20":{"name":"(anonymous_20)","line":1,"loc":{"start":{"line":1,"column":1738},"end":{"line":1,"column":1748}}},"21":{"name":"(anonymous_21)","line":1,"loc":{"start":{"line":1,"column":1809},"end":{"line":1,"column":1822}}},"22":{"name":"(anonymous_22)","line":1,"loc":{"start":{"line":1,"column":1938},"end":{"line":1,"column":1949}}},"23":{"name":"(anonymous_23)","line":1,"loc":{"start":{"line":1,"column":2281},"end":{"line":1,"column":2292}}},"24":{"name":"(anonymous_24)","line":1,"loc":{"start":{"line":1,"column":2479},"end":{"line":1,"column":2490}}},"25":{"name":"(anonymous_25)","line":1,"loc":{"start":{"line":1,"column":2901},"end":{"line":1,"column":2911}}},"26":{"name":"(anonymous_26)","line":1,"loc":{"start":{"line":1,"column":3290},"end":{"line":1,"column":3305}}},"27":{"name":"(anonymous_27)","line":1,"loc":{"start":{"line":1,"column":3586},"end":{"line":1,"column":3597}}},"28":{"name":"(anonymous_28)","line":1,"loc":{"start":{"line":1,"column":3664},"end":{"line":1,"column":3674}}},"29":{"name":"(anonymous_29)","line":1,"loc":{"start":{"line":1,"column":3790},"end":{"line":1,"column":3800}}},"30":{"name":"(anonymous_30)","line":1,"loc":{"start":{"line":1,"column":3887},"end":{"line":1,"column":3898}}},"31":{"name":"(anonymous_31)","line":1,"loc":{"start":{"line":1,"column":3974},"end":{"line":1,"column":3985}}},"32":{"name":"(anonymous_32)","line":1,"loc":{"start":{"line":1,"column":4023},"end":{"line":1,"column":4033}}},"33":{"name":"(anonymous_33)","line":1,"loc":{"start":{"line":1,"column":4060},"end":{"line":1,"column":4075}}},"34":{"name":"(anonymous_34)","line":1,"loc":{"start":{"line":1,"column":4077},"end":{"line":1,"column":4088}}},"35":{"name":"(anonymous_35)","line":1,"loc":{"start":{"line":1,"column":4090},"end":{"line":1,"column":4100}}},"36":{"name":"(anonymous_36)","line":1,"loc":{"start":{"line":1,"column":4190},"end":{"line":1,"column":4200}}},"37":{"name":"(anonymous_37)","line":1,"loc":{"start":{"line":1,"column":4280},"end":{"line":1,"column":4290}}},"38":{"name":"(anonymous_38)","line":1,"loc":{"start":{"line":1,"column":4323},"end":{"line":1,"column":4333}}},"39":{"name":"(anonymous_39)","line":1,"loc":{"start":{"line":1,"column":4395},"end":{"line":1,"column":4405}}},"40":{"name":"(anonymous_40)","line":1,"loc":{"start":{"line":1,"column":4452},"end":{"line":1,"column":4462}}},"41":{"name":"(anonymous_41)","line":1,"loc":{"start":{"line":1,"column":4550},"end":{"line":1,"column":4563}}},"42":{"name":"(anonymous_42)","line":1,"loc":{"start":{"line":1,"column":4591},"end":{"line":1,"column":4608}}},"43":{"name":"(anonymous_43)","line":1,"loc":{"start":{"line":1,"column":4646},"end":{"line":1,"column":4663}}},"44":{"name":"(anonymous_44)","line":1,"loc":{"start":{"line":1,"column":4707},"end":{"line":1,"column":4724}}},"45":{"name":"(anonymous_45)","line":1,"loc":{"start":{"line":1,"column":4774},"end":{"line":1,"column":4791}}},"46":{"name":"(anonymous_46)","line":1,"loc":{"start":{"line":1,"column":4863},"end":{"line":1,"column":4880}}},"47":{"name":"(anonymous_47)","line":1,"loc":{"start":{"line":1,"column":4927},"end":{"line":1,"column":4944}}},"48":{"name":"(anonymous_48)","line":1,"loc":{"start":{"line":1,"column":5000},"end":{"line":1,"column":5017}}},"49":{"name":"(anonymous_49)","line":1,"loc":{"start":{"line":1,"column":5091},"end":{"line":1,"column":5108}}},"50":{"name":"(anonymous_50)","line":1,"loc":{"start":{"line":1,"column":5157},"end":{"line":1,"column":5174}}},"51":{"name":"(anonymous_51)","line":1,"loc":{"start":{"line":1,"column":5232},"end":{"line":1,"column":5249}}},"52":{"name":"(anonymous_52)","line":1,"loc":{"start":{"line":1,"column":5328},"end":{"line":1,"column":5345}}},"53":{"name":"(anonymous_53)","line":1,"loc":{"start":{"line":1,"column":5396},"end":{"line":1,"column":5413}}},"54":{"name":"(anonymous_54)","line":1,"loc":{"start":{"line":1,"column":5473},"end":{"line":1,"column":5490}}},"55":{"name":"(anonymous_55)","line":1,"loc":{"start":{"line":1,"column":5571},"end":{"line":1,"column":5588}}},"56":{"name":"(anonymous_56)","line":1,"loc":{"start":{"line":1,"column":5651},"end":{"line":1,"column":5668}}},"57":{"name":"(anonymous_57)","line":1,"loc":{"start":{"line":1,"column":5731},"end":{"line":1,"column":5748}}},"58":{"name":"(anonymous_58)","line":1,"loc":{"start":{"line":1,"column":5810},"end":{"line":1,"column":5827}}},"59":{"name":"(anonymous_59)","line":1,"loc":{"start":{"line":1,"column":5892},"end":{"line":1,"column":5909}}},"60":{"name":"(anonymous_60)","line":1,"loc":{"start":{"line":1,"column":5980},"end":{"line":1,"column":5997}}},"61":{"name":"(anonymous_61)","line":1,"loc":{"start":{"line":1,"column":6114},"end":{"line":1,"column":6131}}},"62":{"name":"(anonymous_62)","line":1,"loc":{"start":{"line":1,"column":6192},"end":{"line":1,"column":6209}}},"63":{"name":"(anonymous_63)","line":1,"loc":{"start":{"line":1,"column":6271},"end":{"line":1,"column":6288}}},"64":{"name":"(anonymous_64)","line":1,"loc":{"start":{"line":1,"column":6391},"end":{"line":1,"column":6408}}},"65":{"name":"(anonymous_65)","line":1,"loc":{"start":{"line":1,"column":6621},"end":{"line":1,"column":6638}}},"66":{"name":"(anonymous_66)","line":1,"loc":{"start":{"line":1,"column":6848},"end":{"line":1,"column":6865}}},"67":{"name":"(anonymous_67)","line":1,"loc":{"start":{"line":1,"column":7153},"end":{"line":1,"column":7172}}},"68":{"name":"(anonymous_68)","line":1,"loc":{"start":{"line":1,"column":7252},"end":{"line":1,"column":7271}}},"69":{"name":"(anonymous_69)","line":1,"loc":{"start":{"line":1,"column":7360},"end":{"line":1,"column":7379}}},"70":{"name":"(anonymous_70)","line":1,"loc":{"start":{"line":1,"column":7519},"end":{"line":1,"column":7536}}},"71":{"name":"(anonymous_71)","line":1,"loc":{"start":{"line":1,"column":7606},"end":{"line":1,"column":7623}}},"72":{"name":"(anonymous_72)","line":1,"loc":{"start":{"line":1,"column":7816},"end":{"line":1,"column":7833}}}},"statementMap":{"1":{"start":{"line":1,"column":0},"end":{"line":1,"column":7960}},"2":{"start":{"line":1,"column":15},"end":{"line":1,"column":199}},"3":{"start":{"line":1,"column":217},"end":{"line":1,"column":7957}},"4":{"start":{"line":1,"column":236},"end":{"line":1,"column":381}},"5":{"start":{"line":1,"column":250},"end":{"line":1,"column":278}},"6":{"start":{"line":1,"column":258},"end":{"line":1,"column":278}},"7":{"start":{"line":1,"column":278},"end":{"line":1,"column":317}},"8":{"start":{"line":1,"column":317},"end":{"line":1,"column":380}},"9":{"start":{"line":1,"column":381},"end":{"line":1,"column":390}},"10":{"start":{"line":1,"column":390},"end":{"line":1,"column":420}},"11":{"start":{"line":1,"column":441},"end":{"line":1,"column":456}},"12":{"start":{"line":1,"column":474},"end":{"line":1,"column":534}},"13":{"start":{"line":1,"column":487},"end":{"line":1,"column":533}},"14":{"start":{"line":1,"column":534},"end":{"line":1,"column":681}},"15":{"start":{"line":1,"column":547},"end":{"line":1,"column":680}},"16":{"start":{"line":1,"column":554},"end":{"line":1,"column":574}},"17":{"start":{"line":1,"column":574},"end":{"line":1,"column":579}},"18":{"start":{"line":1,"column":579},"end":{"line":1,"column":652}},"19":{"start":{"line":1,"column":602},"end":{"line":1,"column":636}},"20":{"start":{"line":1,"column":622},"end":{"line":1,"column":636}},"21":{"start":{"line":1,"column":636},"end":{"line":1,"column":651}},"22":{"start":{"line":1,"column":652},"end":{"line":1,"column":679}},"23":{"start":{"line":1,"column":681},"end":{"line":1,"column":721}},"24":{"start":{"line":1,"column":697},"end":{"line":1,"column":720}},"25":{"start":{"line":1,"column":721},"end":{"line":1,"column":735}},"26":{"start":{"line":1,"column":735},"end":{"line":1,"column":771}},"27":{"start":{"line":1,"column":771},"end":{"line":1,"column":1390}},"28":{"start":{"line":1,"column":794},"end":{"line":1,"column":830}},"29":{"start":{"line":1,"column":830},"end":{"line":1,"column":907}},"30":{"start":{"line":1,"column":852},"end":{"line":1,"column":907}},"31":{"start":{"line":1,"column":887},"end":{"line":1,"column":907}},"32":{"start":{"line":1,"column":907},"end":{"line":1,"column":958}},"33":{"start":{"line":1,"column":987},"end":{"line":1,"column":1018}},"34":{"start":{"line":1,"column":1210},"end":{"line":1,"column":1261}},"35":{"start":{"line":1,"column":1280},"end":{"line":1,"column":1289}},"36":{"start":{"line":1,"column":1311},"end":{"line":1,"column":1360}},"37":{"start":{"line":1,"column":1381},"end":{"line":1,"column":1389}},"38":{"start":{"line":1,"column":1424},"end":{"line":1,"column":1477}},"39":{"start":{"line":1,"column":1438},"end":{"line":1,"column":1476}},"40":{"start":{"line":1,"column":1477},"end":{"line":1,"column":1526}},"41":{"start":{"line":1,"column":1526},"end":{"line":1,"column":3199}},"42":{"start":{"line":1,"column":1694},"end":{"line":1,"column":1715}},"43":{"start":{"line":1,"column":1749},"end":{"line":1,"column":1796}},"44":{"start":{"line":1,"column":1823},"end":{"line":1,"column":1924}},"45":{"start":{"line":1,"column":1924},"end":{"line":1,"column":2460}},"46":{"start":{"line":1,"column":1950},"end":{"line":1,"column":1976}},"47":{"start":{"line":1,"column":1976},"end":{"line":1,"column":2080}},"48":{"start":{"line":1,"column":1998},"end":{"line":1,"column":2006}},"49":{"start":{"line":1,"column":2011},"end":{"line":1,"column":2050}},"50":{"start":{"line":1,"column":2040},"end":{"line":1,"column":2050}},"51":{"start":{"line":1,"column":2050},"end":{"line":1,"column":2079}},"52":{"start":{"line":1,"column":2080},"end":{"line":1,"column":2218}},"53":{"start":{"line":1,"column":2218},"end":{"line":1,"column":2458}},"54":{"start":{"line":1,"column":2293},"end":{"line":1,"column":2314}},"55":{"start":{"line":1,"column":2491},"end":{"line":1,"column":2526}},"56":{"start":{"line":1,"column":2526},"end":{"line":1,"column":2619}},"57":{"start":{"line":1,"column":2548},"end":{"line":1,"column":2559}},"58":{"start":{"line":1,"column":2564},"end":{"line":1,"column":2568}},"59":{"start":{"line":1,"column":2568},"end":{"line":1,"column":2605}},"60":{"start":{"line":1,"column":2595},"end":{"line":1,"column":2605}},"61":{"start":{"line":1,"column":2605},"end":{"line":1,"column":2618}},"62":{"start":{"line":1,"column":2619},"end":{"line":1,"column":2884}},"63":{"start":{"line":1,"column":2671},"end":{"line":1,"column":2730}},"64":{"start":{"line":1,"column":2730},"end":{"line":1,"column":2883}},"65":{"start":{"line":1,"column":2740},"end":{"line":1,"column":2878}},"66":{"start":{"line":1,"column":2878},"end":{"line":1,"column":2882}},"67":{"start":{"line":1,"column":2884},"end":{"line":1,"column":2892}},"68":{"start":{"line":1,"column":2912},"end":{"line":1,"column":2929}},"69":{"start":{"line":1,"column":2929},"end":{"line":1,"column":3196}},"70":{"start":{"line":1,"column":2957},"end":{"line":1,"column":3104}},"71":{"start":{"line":1,"column":3014},"end":{"line":1,"column":3060}},"72":{"start":{"line":1,"column":3060},"end":{"line":1,"column":3103}},"73":{"start":{"line":1,"column":3104},"end":{"line":1,"column":3195}},"74":{"start":{"line":1,"column":3199},"end":{"line":1,"column":3285}},"75":{"start":{"line":1,"column":3306},"end":{"line":1,"column":3547}},"76":{"start":{"line":1,"column":3477},"end":{"line":1,"column":3547}},"77":{"start":{"line":1,"column":3547},"end":{"line":1,"column":3964}},"78":{"start":{"line":1,"column":3558},"end":{"line":1,"column":3584}},"79":{"start":{"line":1,"column":3584},"end":{"line":1,"column":3963}},"80":{"start":{"line":1,"column":3598},"end":{"line":1,"column":3830}},"81":{"start":{"line":1,"column":3615},"end":{"line":1,"column":3647}},"82":{"start":{"line":1,"column":3647},"end":{"line":1,"column":3829}},"83":{"start":{"line":1,"column":3675},"end":{"line":1,"column":3692}},"84":{"start":{"line":1,"column":3692},"end":{"line":1,"column":3703}},"85":{"start":{"line":1,"column":3703},"end":{"line":1,"column":3813}},"86":{"start":{"line":1,"column":3730},"end":{"line":1,"column":3813}},"87":{"start":{"line":1,"column":3749},"end":{"line":1,"column":3813}},"88":{"start":{"line":1,"column":3753},"end":{"line":1,"column":3769}},"89":{"start":{"line":1,"column":3779},"end":{"line":1,"column":3812}},"90":{"start":{"line":1,"column":3801},"end":{"line":1,"column":3808}},"91":{"start":{"line":1,"column":3830},"end":{"line":1,"column":3883}},"92":{"start":{"line":1,"column":3899},"end":{"line":1,"column":3962}},"93":{"start":{"line":1,"column":3926},"end":{"line":1,"column":3962}},"94":{"start":{"line":1,"column":3964},"end":{"line":1,"column":4055}},"95":{"start":{"line":1,"column":3986},"end":{"line":1,"column":4004}},"96":{"start":{"line":1,"column":4034},"end":{"line":1,"column":4054}},"97":{"start":{"line":1,"column":4076},"end":{"line":1,"column":4544}},"98":{"start":{"line":1,"column":4089},"end":{"line":1,"column":4529}},"99":{"start":{"line":1,"column":4101},"end":{"line":1,"column":4111}},"100":{"start":{"line":1,"column":4111},"end":{"line":1,"column":4516}},"101":{"start":{"line":1,"column":4201},"end":{"line":1,"column":4225}},"102":{"start":{"line":1,"column":4291},"end":{"line":1,"column":4308}},"103":{"start":{"line":1,"column":4334},"end":{"line":1,"column":4340}},"104":{"start":{"line":1,"column":4340},"end":{"line":1,"column":4366}},"105":{"start":{"line":1,"column":4406},"end":{"line":1,"column":4425}},"106":{"start":{"line":1,"column":4463},"end":{"line":1,"column":4491}},"107":{"start":{"line":1,"column":4577},"end":{"line":1,"column":7943}},"108":{"start":{"line":1,"column":4609},"end":{"line":1,"column":4619}},"109":{"start":{"line":1,"column":4619},"end":{"line":1,"column":4633}},"110":{"start":{"line":1,"column":4664},"end":{"line":1,"column":4674}},"111":{"start":{"line":1,"column":4674},"end":{"line":1,"column":4693}},"112":{"start":{"line":1,"column":4725},"end":{"line":1,"column":4735}},"113":{"start":{"line":1,"column":4735},"end":{"line":1,"column":4758}},"114":{"start":{"line":1,"column":4792},"end":{"line":1,"column":4802}},"115":{"start":{"line":1,"column":4802},"end":{"line":1,"column":4849}},"116":{"start":{"line":1,"column":4881},"end":{"line":1,"column":4891}},"117":{"start":{"line":1,"column":4891},"end":{"line":1,"column":4912}},"118":{"start":{"line":1,"column":4945},"end":{"line":1,"column":4955}},"119":{"start":{"line":1,"column":4955},"end":{"line":1,"column":4983}},"120":{"start":{"line":1,"column":5018},"end":{"line":1,"column":5028}},"121":{"start":{"line":1,"column":5028},"end":{"line":1,"column":5077}},"122":{"start":{"line":1,"column":5109},"end":{"line":1,"column":5119}},"123":{"start":{"line":1,"column":5119},"end":{"line":1,"column":5142}},"124":{"start":{"line":1,"column":5175},"end":{"line":1,"column":5185}},"125":{"start":{"line":1,"column":5185},"end":{"line":1,"column":5215}},"126":{"start":{"line":1,"column":5250},"end":{"line":1,"column":5260}},"127":{"start":{"line":1,"column":5260},"end":{"line":1,"column":5314}},"128":{"start":{"line":1,"column":5346},"end":{"line":1,"column":5356}},"129":{"start":{"line":1,"column":5356},"end":{"line":1,"column":5381}},"130":{"start":{"line":1,"column":5414},"end":{"line":1,"column":5424}},"131":{"start":{"line":1,"column":5424},"end":{"line":1,"column":5456}},"132":{"start":{"line":1,"column":5491},"end":{"line":1,"column":5501}},"133":{"start":{"line":1,"column":5501},"end":{"line":1,"column":5558}},"134":{"start":{"line":1,"column":5589},"end":{"line":1,"column":5599}},"135":{"start":{"line":1,"column":5599},"end":{"line":1,"column":5637}},"136":{"start":{"line":1,"column":5669},"end":{"line":1,"column":5679}},"137":{"start":{"line":1,"column":5679},"end":{"line":1,"column":5715}},"138":{"start":{"line":1,"column":5749},"end":{"line":1,"column":5759}},"139":{"start":{"line":1,"column":5759},"end":{"line":1,"column":5797}},"140":{"start":{"line":1,"column":5828},"end":{"line":1,"column":5838}},"141":{"start":{"line":1,"column":5838},"end":{"line":1,"column":5878}},"142":{"start":{"line":1,"column":5910},"end":{"line":1,"column":5920}},"143":{"start":{"line":1,"column":5920},"end":{"line":1,"column":5964}},"144":{"start":{"line":1,"column":5998},"end":{"line":1,"column":6008}},"145":{"start":{"line":1,"column":6008},"end":{"line":1,"column":6101}},"146":{"start":{"line":1,"column":6132},"end":{"line":1,"column":6142}},"147":{"start":{"line":1,"column":6142},"end":{"line":1,"column":6178}},"148":{"start":{"line":1,"column":6210},"end":{"line":1,"column":6220}},"149":{"start":{"line":1,"column":6220},"end":{"line":1,"column":6255}},"150":{"start":{"line":1,"column":6289},"end":{"line":1,"column":6299}},"151":{"start":{"line":1,"column":6299},"end":{"line":1,"column":6375}},"152":{"start":{"line":1,"column":6409},"end":{"line":1,"column":6425}},"153":{"start":{"line":1,"column":6425},"end":{"line":1,"column":6604}},"154":{"start":{"line":1,"column":6639},"end":{"line":1,"column":6655}},"155":{"start":{"line":1,"column":6655},"end":{"line":1,"column":6829}},"156":{"start":{"line":1,"column":6866},"end":{"line":1,"column":6882}},"157":{"start":{"line":1,"column":6882},"end":{"line":1,"column":7140}},"158":{"start":{"line":1,"column":7173},"end":{"line":1,"column":7183}},"159":{"start":{"line":1,"column":7183},"end":{"line":1,"column":7238}},"160":{"start":{"line":1,"column":7272},"end":{"line":1,"column":7282}},"161":{"start":{"line":1,"column":7282},"end":{"line":1,"column":7344}},"162":{"start":{"line":1,"column":7380},"end":{"line":1,"column":7390}},"163":{"start":{"line":1,"column":7390},"end":{"line":1,"column":7504}},"164":{"start":{"line":1,"column":7537},"end":{"line":1,"column":7549}},"165":{"start":{"line":1,"column":7549},"end":{"line":1,"column":7590}},"166":{"start":{"line":1,"column":7624},"end":{"line":1,"column":7634}},"167":{"start":{"line":1,"column":7634},"end":{"line":1,"column":7798}},"168":{"start":{"line":1,"column":7834},"end":{"line":1,"column":7846}},"169":{"start":{"line":1,"column":7846},"end":{"line":1,"column":7940}},"170":{"start":{"line":1,"column":7943},"end":{"line":1,"column":7954}}},"branchMap":{"1":{"line":1,"type":"cond-expr","locations":[{"start":{"line":1,"column":65},"end":{"line":1,"column":83}},{"start":{"line":1,"column":84},"end":{"line":1,"column":199}}]},"2":{"line":1,"type":"binary-expr","locations":[{"start":{"line":1,"column":15},"end":{"line":1,"column":39}},{"start":{"line":1,"column":41},"end":{"line":1,"column":64}}]},"3":{"line":1,"type":"cond-expr","locations":[{"start":{"line":1,"column":122},"end":{"line":1,"column":134}},{"start":{"line":1,"column":135},"end":{"line":1,"column":199}}]},"4":{"line":1,"type":"binary-expr","locations":[{"start":{"line":1,"column":84},"end":{"line":1,"column":109}},{"start":{"line":1,"column":111},"end":{"line":1,"column":121}}]},"5":{"line":1,"type":"cond-expr","locations":[{"start":{"line":1,"column":160},"end":{"line":1,"column":182}},{"start":{"line":1,"column":183},"end":{"line":1,"column":199}}]},"6":{"line":1,"type":"if","locations":[{"start":{"line":1,"column":250},"end":{"line":1,"column":250}},{"start":{"line":1,"column":250},"end":{"line":1,"column":250}}]},"7":{"line":1,"type":"cond-expr","locations":[{"start":{"line":1,"column":501},"end":{"line":1,"column":514}},{"start":{"line":1,"column":515},"end":{"line":1,"column":519}}]},"8":{"line":1,"type":"binary-expr","locations":[{"start":{"line":1,"column":520},"end":{"line":1,"column":528}},{"start":{"line":1,"column":530},"end":{"line":1,"column":533}}]},"9":{"line":1,"type":"if","locations":[{"start":{"line":1,"column":547},"end":{"line":1,"column":547}},{"start":{"line":1,"column":547},"end":{"line":1,"column":547}}]},"10":{"line":1,"type":"binary-expr","locations":[{"start":{"line":1,"column":622},"end":{"line":1,"column":623}},{"start":{"line":1,"column":625},"end":{"line":1,"column":635}}]},"11":{"line":1,"type":"if","locations":[{"start":{"line":1,"column":830},"end":{"line":1,"column":830}},{"start":{"line":1,"column":830},"end":{"line":1,"column":830}}]},"12":{"line":1,"type":"binary-expr","locations":[{"start":{"line":1,"column":926},"end":{"line":1,"column":938}},{"start":{"line":1,"column":940},"end":{"line":1,"column":941}},{"start":{"line":1,"column":943},"end":{"line":1,"column":958}}]},"13":{"line":1,"type":"cond-expr","locations":[{"start":{"line":1,"column":1461},"end":{"line":1,"column":1462}},{"start":{"line":1,"column":1463},"end":{"line":1,"column":1476}}]},"14":{"line":1,"type":"binary-expr","locations":[{"start":{"line":1,"column":1445},"end":{"line":1,"column":1446}},{"start":{"line":1,"column":1448},"end":{"line":1,"column":1460}}]},"15":{"line":1,"type":"if","locations":[{"start":{"line":1,"column":1976},"end":{"line":1,"column":1976}},{"start":{"line":1,"column":1976},"end":{"line":1,"column":1976}}]},"16":{"line":1,"type":"binary-expr","locations":[{"start":{"line":1,"column":2094},"end":{"line":1,"column":2095}},{"start":{"line":1,"column":2097},"end":{"line":1,"column":2098}}]},"17":{"line":1,"type":"cond-expr","locations":[{"start":{"line":1,"column":2116},"end":{"line":1,"column":2117}},{"start":{"line":1,"column":2118},"end":{"line":1,"column":2119}}]},"18":{"line":1,"type":"cond-expr","locations":[{"start":{"line":1,"column":2134},"end":{"line":1,"column":2135}},{"start":{"line":1,"column":2136},"end":{"line":1,"column":2137}}]},"19":{"line":1,"type":"cond-expr","locations":[{"start":{"line":1,"column":2157},"end":{"line":1,"column":2161}},{"start":{"line":1,"column":2162},"end":{"line":1,"column":2163}}]},"20":{"line":1,"type":"binary-expr","locations":[{"start":{"line":1,"column":2197},"end":{"line":1,"column":2198}},{"start":{"line":1,"column":2200},"end":{"line":1,"column":2201}}]},"21":{"line":1,"type":"binary-expr","locations":[{"start":{"line":1,"column":2225},"end":{"line":1,"column":2256}},{"start":{"line":1,"column":2259},"end":{"line":1,"column":2316}}]},"22":{"line":1,"type":"binary-expr","locations":[{"start":{"line":1,"column":2392},"end":{"line":1,"column":2404}},{"start":{"line":1,"column":2407},"end":{"line":1,"column":2442}}]},"23":{"line":1,"type":"if","locations":[{"start":{"line":1,"column":2526},"end":{"line":1,"column":2526}},{"start":{"line":1,"column":2526},"end":{"line":1,"column":2526}}]},"24":{"line":1,"type":"if","locations":[{"start":{"line":1,"column":2730},"end":{"line":1,"column":2730}},{"start":{"line":1,"column":2730},"end":{"line":1,"column":2730}}]},"25":{"line":1,"type":"cond-expr","locations":[{"start":{"line":1,"column":2761},"end":{"line":1,"column":2771}},{"start":{"line":1,"column":2772},"end":{"line":1,"column":2787}}]},"26":{"line":1,"type":"cond-expr","locations":[{"start":{"line":1,"column":2805},"end":{"line":1,"column":2815}},{"start":{"line":1,"column":2816},"end":{"line":1,"column":2862}}]},"27":{"line":1,"type":"if","locations":[{"start":{"line":1,"column":2929},"end":{"line":1,"column":2929}},{"start":{"line":1,"column":2929},"end":{"line":1,"column":2929}}]},"28":{"line":1,"type":"cond-expr","locations":[{"start":{"line":1,"column":3075},"end":{"line":1,"column":3084}},{"start":{"line":1,"column":3085},"end":{"line":1,"column":3103}}]},"29":{"line":1,"type":"binary-expr","locations":[{"start":{"line":1,"column":3085},"end":{"line":1,"column":3092}},{"start":{"line":1,"column":3094},"end":{"line":1,"column":3103}}]},"30":{"line":1,"type":"binary-expr","locations":[{"start":{"line":1,"column":3104},"end":{"line":1,"column":3120}},{"start":{"line":1,"column":3123},"end":{"line":1,"column":3194}}]},"31":{"line":1,"type":"binary-expr","locations":[{"start":{"line":1,"column":3458},"end":{"line":1,"column":3468}},{"start":{"line":1,"column":3470},"end":{"line":1,"column":3472}}]},"32":{"line":1,"type":"binary-expr","locations":[{"start":{"line":1,"column":3501},"end":{"line":1,"column":3519}},{"start":{"line":1,"column":3521},"end":{"line":1,"column":3546}}]},"33":{"line":1,"type":"if","locations":[{"start":{"line":1,"column":3547},"end":{"line":1,"column":3547}},{"start":{"line":1,"column":3547},"end":{"line":1,"column":3547}}]},"34":{"line":1,"type":"binary-expr","locations":[{"start":{"line":1,"column":3550},"end":{"line":1,"column":3552}},{"start":{"line":1,"column":3554},"end":{"line":1,"column":3556}}]},"35":{"line":1,"type":"if","locations":[{"start":{"line":1,"column":3598},"end":{"line":1,"column":3598}},{"start":{"line":1,"column":3598},"end":{"line":1,"column":3598}}]},"36":{"line":1,"type":"if","locations":[{"start":{"line":1,"column":3730},"end":{"line":1,"column":3730}},{"start":{"line":1,"column":3730},"end":{"line":1,"column":3730}}]},"37":{"line":1,"type":"binary-expr","locations":[{"start":{"line":1,"column":3926},"end":{"line":1,"column":3941}},{"start":{"line":1,"column":3944},"end":{"line":1,"column":3961}}]},"38":{"line":1,"type":"cond-expr","locations":[{"start":{"line":1,"column":4180},"end":{"line":1,"column":4226}},{"start":{"line":1,"column":4227},"end":{"line":1,"column":4516}}]},"39":{"line":1,"type":"binary-expr","locations":[{"start":{"line":1,"column":4111},"end":{"line":1,"column":4142}},{"start":{"line":1,"column":4144},"end":{"line":1,"column":4162}},{"start":{"line":1,"column":4164},"end":{"line":1,"column":4179}}]},"40":{"line":1,"type":"cond-expr","locations":[{"start":{"line":1,"column":4270},"end":{"line":1,"column":4373}},{"start":{"line":1,"column":4375},"end":{"line":1,"column":4516}}]},"41":{"line":1,"type":"binary-expr","locations":[{"start":{"line":1,"column":4227},"end":{"line":1,"column":4248}},{"start":{"line":1,"column":4250},"end":{"line":1,"column":4258}},{"start":{"line":1,"column":4260},"end":{"line":1,"column":4268}}]},"42":{"line":1,"type":"cond-expr","locations":[{"start":{"line":1,"column":4385},"end":{"line":1,"column":4439}},{"start":{"line":1,"column":4442},"end":{"line":1,"column":4515}}]},"43":{"line":1,"type":"cond-expr","locations":[{"start":{"line":1,"column":4819},"end":{"line":1,"column":4828}},{"start":{"line":1,"column":4829},"end":{"line":1,"column":4849}}]},"44":{"line":1,"type":"cond-expr","locations":[{"start":{"line":1,"column":5045},"end":{"line":1,"column":5056}},{"start":{"line":1,"column":5057},"end":{"line":1,"column":5077}}]},"45":{"line":1,"type":"cond-expr","locations":[{"start":{"line":1,"column":5277},"end":{"line":1,"column":5290}},{"start":{"line":1,"column":5291},"end":{"line":1,"column":5314}}]},"46":{"line":1,"type":"cond-expr","locations":[{"start":{"line":1,"column":5518},"end":{"line":1,"column":5533}},{"start":{"line":1,"column":5534},"end":{"line":1,"column":5558}}]},"47":{"line":1,"type":"cond-expr","locations":[{"start":{"line":1,"column":5850},"end":{"line":1,"column":5851}},{"start":{"line":1,"column":5852},"end":{"line":1,"column":5878}}]},"48":{"line":1,"type":"cond-expr","locations":[{"start":{"line":1,"column":5932},"end":{"line":1,"column":5935}},{"start":{"line":1,"column":5936},"end":{"line":1,"column":5964}}]},"49":{"line":1,"type":"cond-expr","locations":[{"start":{"line":1,"column":6021},"end":{"line":1,"column":6022}},{"start":{"line":1,"column":6023},"end":{"line":1,"column":6101}}]},"50":{"line":1,"type":"cond-expr","locations":[{"start":{"line":1,"column":6029},"end":{"line":1,"column":6032}},{"start":{"line":1,"column":6033},"end":{"line":1,"column":6101}}]},"51":{"line":1,"type":"cond-expr","locations":[{"start":{"line":1,"column":6044},"end":{"line":1,"column":6070}},{"start":{"line":1,"column":6071},"end":{"line":1,"column":6101}}]},"52":{"line":1,"type":"cond-expr","locations":[{"start":{"line":1,"column":6316},"end":{"line":1,"column":6343}},{"start":{"line":1,"column":6344},"end":{"line":1,"column":6375}}]},"53":{"line":1,"type":"cond-expr","locations":[{"start":{"line":1,"column":6456},"end":{"line":1,"column":6457}},{"start":{"line":1,"column":6458},"end":{"line":1,"column":6604}}]},"54":{"line":1,"type":"cond-expr","locations":[{"start":{"line":1,"column":6469},"end":{"line":1,"column":6472}},{"start":{"line":1,"column":6474},"end":{"line":1,"column":6603}}]},"55":{"line":1,"type":"binary-expr","locations":[{"start":{"line":1,"column":6474},"end":{"line":1,"column":6475}},{"start":{"line":1,"column":6478},"end":{"line":1,"column":6484}}]},"56":{"line":1,"type":"cond-expr","locations":[{"start":{"line":1,"column":6501},"end":{"line":1,"column":6510}},{"start":{"line":1,"column":6512},"end":{"line":1,"column":6542}}]},"57":{"line":1,"type":"cond-expr","locations":[{"start":{"line":1,"column":6686},"end":{"line":1,"column":6687}},{"start":{"line":1,"column":6688},"end":{"line":1,"column":6829}}]},"58":{"line":1,"type":"cond-expr","locations":[{"start":{"line":1,"column":6699},"end":{"line":1,"column":6702}},{"start":{"line":1,"column":6704},"end":{"line":1,"column":6828}}]},"59":{"line":1,"type":"binary-expr","locations":[{"start":{"line":1,"column":6704},"end":{"line":1,"column":6705}},{"start":{"line":1,"column":6708},"end":{"line":1,"column":6714}}]},"60":{"line":1,"type":"cond-expr","locations":[{"start":{"line":1,"column":6731},"end":{"line":1,"column":6740}},{"start":{"line":1,"column":6742},"end":{"line":1,"column":6772}}]},"61":{"line":1,"type":"cond-expr","locations":[{"start":{"line":1,"column":6913},"end":{"line":1,"column":6914}},{"start":{"line":1,"column":6915},"end":{"line":1,"column":7140}}]},"62":{"line":1,"type":"cond-expr","locations":[{"start":{"line":1,"column":6928},"end":{"line":1,"column":6931}},{"start":{"line":1,"column":6933},"end":{"line":1,"column":7139}}]},"63":{"line":1,"type":"binary-expr","locations":[{"start":{"line":1,"column":6933},"end":{"line":1,"column":6934}},{"start":{"line":1,"column":6937},"end":{"line":1,"column":6949}}]},"64":{"line":1,"type":"cond-expr","locations":[{"start":{"line":1,"column":6966},"end":{"line":1,"column":6975}},{"start":{"line":1,"column":6977},"end":{"line":1,"column":7007}}]},"65":{"line":1,"type":"cond-expr","locations":[{"start":{"line":1,"column":7012},"end":{"line":1,"column":7075}},{"start":{"line":1,"column":7076},"end":{"line":1,"column":7139}}]},"66":{"line":1,"type":"binary-expr","locations":[{"start":{"line":1,"column":7190},"end":{"line":1,"column":7200}},{"start":{"line":1,"column":7203},"end":{"line":1,"column":7212}}]},"67":{"line":1,"type":"binary-expr","locations":[{"start":{"line":1,"column":7289},"end":{"line":1,"column":7299}},{"start":{"line":1,"column":7302},"end":{"line":1,"column":7311}}]},"68":{"line":1,"type":"binary-expr","locations":[{"start":{"line":1,"column":7397},"end":{"line":1,"column":7407}},{"start":{"line":1,"column":7410},"end":{"line":1,"column":7419}}]},"69":{"line":1,"type":"cond-expr","locations":[{"start":{"line":1,"column":7432},"end":{"line":1,"column":7464}},{"start":{"line":1,"column":7465},"end":{"line":1,"column":7504}}]},"70":{"line":1,"type":"cond-expr","locations":[{"start":{"line":1,"column":7654},"end":{"line":1,"column":7670}},{"start":{"line":1,"column":7671},"end":{"line":1,"column":7798}}]},"71":{"line":1,"type":"cond-expr","locations":[{"start":{"line":1,"column":7680},"end":{"line":1,"column":7712}},{"start":{"line":1,"column":7713},"end":{"line":1,"column":7798}}]},"72":{"line":1,"type":"cond-expr","locations":[{"start":{"line":1,"column":7724},"end":{"line":1,"column":7759}},{"start":{"line":1,"column":7760},"end":{"line":1,"column":7798}}]},"73":{"line":1,"type":"cond-expr","locations":[{"start":{"line":1,"column":7860},"end":{"line":1,"column":7894}},{"start":{"line":1,"column":7897},"end":{"line":1,"column":7939}}]}},"code":["!function(e,n){\"object\"==typeof exports&&\"object\"==typeof module?module.exports=n():\"function\"==typeof define&&define.amd?define([],n):\"object\"==typeof exports?exports.tweenState=n():e.tweenState=n()}(this,function(){return function(e){function n(r){if(t[r])return t[r].exports;var a=t[r]={exports:{},id:r,loaded:!1};return e[r].call(a.exports,a,a.exports,n),a.loaded=!0,a.exports}var t={};return n.m=e,n.c=t,n.p=\"\",n(0)}({0:function(e,n,t){e.exports=t(90)},1:function(e,n){function t(){c=!1,o.length?s=o.concat(s):f=-1,s.length&&r()}function r(){if(!c){var e=setTimeout(t);c=!0;for(var n=s.length;n;){for(o=s,s=[];++f<n;)o&&o[f].run();f=-1,n=s.length}o=null,c=!1,clearTimeout(e)}}function a(e,n){this.fun=e,this.array=n}function u(){}var o,i=e.exports={},s=[],c=!1,f=-1;i.nextTick=function(e){var n=new Array(arguments.length-1);if(arguments.length>1)for(var t=1;t<arguments.length;t++)n[t-1]=arguments[t];s.push(new a(e,n)),1!==s.length||c||setTimeout(r,0)},a.prototype.run=function(){this.fun.apply(null,this.array)},i.title=\"browser\",i.browser=!0,i.env={},i.argv=[],i.version=\"\",i.versions={},i.on=u,i.addListener=u,i.once=u,i.off=u,i.removeListener=u,i.removeAllListeners=u,i.emit=u,i.binding=function(e){throw new Error(\"process.binding is not supported\")},i.cwd=function(){return\"/\"},i.chdir=function(e){throw new Error(\"process.chdir is not supported\")},i.umask=function(){return 0}},90:function(e,n,t){\"use strict\";function r(e){return e&&e.__esModule?e:{\"default\":e}}Object.defineProperty(n,\"__esModule\",{value:!0});var a=t(165),u=r(a),o=t(91),i=r(o),s=\"ADDITIVE\",c=a.easeInOutQuad,f=300,l=0,h={ADDITIVE:\"ADDITIVE\",DESTRUCTIVE:\"DESTRUCTIVE\"},v={_rafID:null,getInitialState:function(){return{tweenQueue:[]}},componentWillUnmount:function(){i[\"default\"].cancel(this._rafID),this._rafID=-1},tweenState:function(e,n){var t=this,r=n.easing,a=n.duration,u=n.delay,o=n.beginValue,v=n.endValue,d=n.onEnd,p=n.stackBehavior;this.setState(function(n){var I=n,w=void 0,g=void 0;if(\"string\"==typeof e)w=e,g=e;else{for(var M=0;M<e.length-1;M++)I=I[e[M]];w=e[e.length-1],g=e.join(\"|\")}var m={easing:r||c,duration:null==a?f:a,delay:null==u?l:u,beginValue:null==o?I[w]:o,endValue:v,onEnd:d,stackBehavior:p||s},x=n.tweenQueue;return m.stackBehavior===h.DESTRUCTIVE&&(x=n.tweenQueue.filter(function(e){return e.pathHash!==g})),x.push({pathHash:g,config:m,initTime:Date.now()+m.delay}),I[w]=m.endValue,1===x.length&&(t._rafID=(0,i[\"default\"])(t._rafCb)),{tweenQueue:x}})},getTweeningValue:function(e){var n=this.state,t=void 0,r=void 0;if(\"string\"==typeof e)t=n[e],r=e;else{t=n;for(var a=0;a<e.length;a++)t=t[e[a]];r=e.join(\"|\")}for(var u=Date.now(),a=0;a<n.tweenQueue.length;a++){var o=n.tweenQueue[a],i=o.pathHash,s=o.initTime,c=o.config;if(i===r){var f=u-s>c.duration?c.duration:Math.max(0,u-s),l=0===c.duration?c.endValue:c.easing(f,c.beginValue,c.endValue,c.duration),h=l-c.endValue;t+=h}}return t},_rafCb:function(){var e=this.state;if(0!==e.tweenQueue.length){for(var n=Date.now(),t=[],r=0;r<e.tweenQueue.length;r++){var a=e.tweenQueue[r],u=a.initTime,o=a.config;n-u<o.duration?t.push(a):o.onEnd&&o.onEnd()}-1!==this._rafID&&(this.setState({tweenQueue:t}),this._rafID=(0,i[\"default\"])(this._rafCb))}}};n[\"default\"]={Mixin:v,easingTypes:u[\"default\"],stackBehavior:h},e.exports=n[\"default\"]},91:function(e,n,t){for(var r=t(92),a=\"undefined\"==typeof window?{}:window,u=[\"moz\",\"webkit\"],o=\"AnimationFrame\",i=a[\"request\"+o],s=a[\"cancel\"+o]||a[\"cancelRequest\"+o],c=0;c<u.length&&!i;c++)i=a[u[c]+\"Request\"+o],s=a[u[c]+\"Cancel\"+o]||a[u[c]+\"CancelRequest\"+o];if(!i||!s){var f=0,l=0,h=[],v=1e3/60;i=function(e){if(0===h.length){var n=r(),t=Math.max(0,v-(n-f));f=t+n,setTimeout(function(){var e=h.slice(0);h.length=0;for(var n=0;n<e.length;n++)if(!e[n].cancelled)try{e[n].callback(f)}catch(t){setTimeout(function(){throw t},0)}},Math.round(t))}return h.push({handle:++l,callback:e,cancelled:!1}),l},s=function(e){for(var n=0;n<h.length;n++)h[n].handle===e&&(h[n].cancelled=!0)}}e.exports=function(e){return i.call(a,e)},e.exports.cancel=function(){s.apply(a,arguments)}},92:function(e,n,t){(function(n){(function(){var t,r,a;\"undefined\"!=typeof performance&&null!==performance&&performance.now?e.exports=function(){return performance.now()}:\"undefined\"!=typeof n&&null!==n&&n.hrtime?(e.exports=function(){return(t()-a)/1e6},r=n.hrtime,t=function(){var e;return e=r(),1e9*e[0]+e[1]},a=t()):Date.now?(e.exports=function(){return Date.now()-a},a=Date.now()):(e.exports=function(){return(new Date).getTime()-a},a=(new Date).getTime())}).call(this)}).call(n,t(1))},165:function(e,n){\"use strict\";var t={linear:function(e,n,t,r){var a=t-n;return a*e/r+n},easeInQuad:function(e,n,t,r){var a=t-n;return a*(e/=r)*e+n},easeOutQuad:function(e,n,t,r){var a=t-n;return-a*(e/=r)*(e-2)+n},easeInOutQuad:function(e,n,t,r){var a=t-n;return(e/=r/2)<1?a/2*e*e+n:-a/2*(--e*(e-2)-1)+n},easeInCubic:function(e,n,t,r){var a=t-n;return a*(e/=r)*e*e+n},easeOutCubic:function(e,n,t,r){var a=t-n;return a*((e=e/r-1)*e*e+1)+n},easeInOutCubic:function(e,n,t,r){var a=t-n;return(e/=r/2)<1?a/2*e*e*e+n:a/2*((e-=2)*e*e+2)+n},easeInQuart:function(e,n,t,r){var a=t-n;return a*(e/=r)*e*e*e+n},easeOutQuart:function(e,n,t,r){var a=t-n;return-a*((e=e/r-1)*e*e*e-1)+n},easeInOutQuart:function(e,n,t,r){var a=t-n;return(e/=r/2)<1?a/2*e*e*e*e+n:-a/2*((e-=2)*e*e*e-2)+n},easeInQuint:function(e,n,t,r){var a=t-n;return a*(e/=r)*e*e*e*e+n},easeOutQuint:function(e,n,t,r){var a=t-n;return a*((e=e/r-1)*e*e*e*e+1)+n},easeInOutQuint:function(e,n,t,r){var a=t-n;return(e/=r/2)<1?a/2*e*e*e*e*e+n:a/2*((e-=2)*e*e*e*e+2)+n},easeInSine:function(e,n,t,r){var a=t-n;return-a*Math.cos(e/r*(Math.PI/2))+a+n},easeOutSine:function(e,n,t,r){var a=t-n;return a*Math.sin(e/r*(Math.PI/2))+n},easeInOutSine:function(e,n,t,r){var a=t-n;return-a/2*(Math.cos(Math.PI*e/r)-1)+n},easeInExpo:function(e,n,t,r){var a=t-n;return 0==e?n:a*Math.pow(2,10*(e/r-1))+n},easeOutExpo:function(e,n,t,r){var a=t-n;return e==r?n+a:a*(-Math.pow(2,-10*e/r)+1)+n},easeInOutExpo:function(e,n,t,r){var a=t-n;return 0===e?n:e===r?n+a:(e/=r/2)<1?a/2*Math.pow(2,10*(e-1))+n:a/2*(-Math.pow(2,-10*--e)+2)+n},easeInCirc:function(e,n,t,r){var a=t-n;return-a*(Math.sqrt(1-(e/=r)*e)-1)+n},easeOutCirc:function(e,n,t,r){var a=t-n;return a*Math.sqrt(1-(e=e/r-1)*e)+n},easeInOutCirc:function(e,n,t,r){var a=t-n;return(e/=r/2)<1?-a/2*(Math.sqrt(1-e*e)-1)+n:a/2*(Math.sqrt(1-(e-=2)*e)+1)+n},easeInElastic:function(e,n,t,r){var a,u,o,i=t-n;return o=1.70158,u=0,a=i,0===e?n:1===(e/=r)?n+i:(u||(u=.3*r),a<Math.abs(i)?(a=i,o=u/4):o=u/(2*Math.PI)*Math.asin(i/a),-(a*Math.pow(2,10*(e-=1))*Math.sin((e*r-o)*(2*Math.PI)/u))+n)},easeOutElastic:function(e,n,t,r){var a,u,o,i=t-n;return o=1.70158,u=0,a=i,0===e?n:1===(e/=r)?n+i:(u||(u=.3*r),a<Math.abs(i)?(a=i,o=u/4):o=u/(2*Math.PI)*Math.asin(i/a),a*Math.pow(2,-10*e)*Math.sin((e*r-o)*(2*Math.PI)/u)+i+n)},easeInOutElastic:function(e,n,t,r){var a,u,o,i=t-n;return o=1.70158,u=0,a=i,0===e?n:2===(e/=r/2)?n+i:(u||(u=r*(.3*1.5)),a<Math.abs(i)?(a=i,o=u/4):o=u/(2*Math.PI)*Math.asin(i/a),1>e?-.5*(a*Math.pow(2,10*(e-=1))*Math.sin((e*r-o)*(2*Math.PI)/u))+n:a*Math.pow(2,-10*(e-=1))*Math.sin((e*r-o)*(2*Math.PI)/u)*.5+i+n)},easeInBack:function(e,n,t,r,a){var u=t-n;return void 0===a&&(a=1.70158),u*(e/=r)*e*((a+1)*e-a)+n},easeOutBack:function(e,n,t,r,a){var u=t-n;return void 0===a&&(a=1.70158),u*((e=e/r-1)*e*((a+1)*e+a)+1)+n},easeInOutBack:function(e,n,t,r,a){var u=t-n;return void 0===a&&(a=1.70158),(e/=r/2)<1?u/2*(e*e*(((a*=1.525)+1)*e-a))+n:u/2*((e-=2)*e*(((a*=1.525)+1)*e+a)+2)+n},easeInBounce:function(e,n,r,a){var u,o=r-n;return u=t.easeOutBounce(a-e,0,o,a),o-u+n},easeOutBounce:function(e,n,t,r){var a=t-n;return(e/=r)<1/2.75?a*(7.5625*e*e)+n:2/2.75>e?a*(7.5625*(e-=1.5/2.75)*e+.75)+n:2.5/2.75>e?a*(7.5625*(e-=2.25/2.75)*e+.9375)+n:a*(7.5625*(e-=2.625/2.75)*e+.984375)+n},easeInOutBounce:function(e,n,r,a){var u,o=r-n;return a/2>e?(u=t.easeInBounce(2*e,0,o,a),.5*u+n):(u=t.easeOutBounce(2*e-a,0,o,a),.5*u+.5*o+n)}};e.exports=t}})});"],"l":{"1":6}},"/home/travis/build/npmtest/node-npmtest-react-tween-state/node_modules/react-tween-state/webpack.config.js":{"path":"/home/travis/build/npmtest/node-npmtest-react-tween-state/node_modules/react-tween-state/webpack.config.js","s":{"1":1},"b":{},"f":{},"fnMap":{},"statementMap":{"1":{"start":{"line":1,"column":0},"end":{"line":24,"column":2}}},"branchMap":{},"code":["module.exports = {","  entry: {","    // https://github.com/webpack/webpack/issues/300","    lib: ['./index.js'],","    examples: './examples/index.jsx',","  },","  output: {","    filename: './[name]/index.js',","    libraryTarget: 'umd',","    library: 'tweenState',","  },","  module: {","    loaders: [","      {","        test: /\\.jsx?$/,","        exclude: /node_modules/,","        loader: 'babel?stage=0',","      },","    ]","  },","  resolve: {","    extensions: ['', '.js', '.jsx']","  }","};",""],"l":{"1":1}}}